#
# A fatal error has been detected by the Java Runtime Environment:
#
#  EXCEPTION_ACCESS_VIOLATION (0xc0000005) at pc=0x6dc408b4, pid=15680, tid=0x00003e7c
#
# JRE version: Java(TM) SE Runtime Environment (8.0_171-b11) (build 1.8.0_171-b11)
# Java VM: Java HotSpot(TM) Client VM (25.171-b11 mixed mode windows-x86 )
# Problematic frame:
# C  0x6dc408b4
#
# Failed to write core dump. Minidumps are not enabled by default on client versions of Windows
#
# If you would like to submit a bug report, please visit:
#   http://bugreport.java.com/bugreport/crash.jsp
# The crash happened outside the Java Virtual Machine in native code.
# See problematic frame for where to report the bug.
#

---------------  T H R E A D  ---------------

Current thread (0x2742b400):  JavaThread "JavaFX Application Thread" [_thread_in_native, id=15996, stack(0x26750000,0x267a0000)]

siginfo: ExceptionCode=0xc0000005, reading address 0x0000009c

Registers:
EAX=0x2679dac8, EBX=0x00000000, ECX=0x00000000, EDX=0x322d2e93
ESP=0x2679da88, EBP=0x2679dab0, ESI=0x2679dac8, EDI=0x28621bd0
EIP=0x6dc408b4, EFLAGS=0x00210206

Top of Stack: (sp=0x2679da88)
0x2679da88:   2679daf0 36436858 53bfe7eb 00510000
0x2679da98:   00000000 362f1ad0 00000000 53bfe7b8
0x2679daa8:   362f1ad0 00000000 2679dad8 6dda3b54
0x2679dab8:   2679dac8 28621bd0 2679daf0 2679dd78
0x2679dac8:   00000000 00000000 00000000 d4b899b3
0x2679dad8:   2679dafc 6dda1d77 35cb5d00 6d946e68
0x2679dae8:   36436858 2679dcc8 36261f30 2679db00
0x2679daf8:   d4b89997 2679db2c 6dda3c95 28621bd0 

Instructions: (pc=0x6dc408b4)
0x6dc40894:   ec 20 53 8b d9 56 8b 75 08 89 5d f0 c7 06 00 00
0x6dc408a4:   00 00 c7 46 04 00 00 00 00 c7 46 08 00 00 00 00
0x6dc408b4:   8b 93 9c 00 00 00 8b 8b a4 00 00 00 8d 0c ca 89
0x6dc408c4:   4d f4 3b d1 0f 84 c1 00 00 00 57 90 8d 42 08 89 


Register to memory mapping:

EAX=0x2679dac8 is pointing into the stack for thread: 0x2742b400
EBX=0x00000000 is an unknown value
ECX=0x00000000 is an unknown value
EDX=0x322d2e93 is an unknown value
ESP=0x2679da88 is pointing into the stack for thread: 0x2742b400
EBP=0x2679dab0 is pointing into the stack for thread: 0x2742b400
ESI=0x2679dac8 is pointing into the stack for thread: 0x2742b400
EDI=0x28621bd0 is an unknown value


Stack: [0x26750000,0x267a0000],  sp=0x2679da88,  free space=310k
Native frames: (J=compiled Java code, j=interpreted, Vv=VM code, C=native code)
C  0x6dc408b4
C  0x6dda3b54
C  0x6dda1d77
C  0x6dda3c95
C  0x6dda3c50
C  0x6d93ff72
C  0x6db89055
C  0x6db8608e
C  0x6db88c04
C  0x6def7cf2
J 3850  com.sun.webkit.WebPage.twkProcessMouseEvent(JIIIIIIIZZZZZD)Z (0 bytes) @ 0x02f848f8 [0x02f84810+0xe8]
J 3849 C1 com.sun.webkit.WebPage.dispatchMouseEvent(Lcom/sun/webkit/event/WCMouseEvent;)Z (167 bytes) @ 0x02f83758 [0x02f83200+0x558]
J 3692 C1 javafx.scene.web.WebView.processMouseEvent(Ljavafx/scene/input/MouseEvent;)V (190 bytes) @ 0x030bfec0 [0x030bfae0+0x3e0]
J 3648 C1 javafx.scene.web.WebView$$Lambda$213.handle(Ljavafx/event/Event;)V (12 bytes) @ 0x02f57bc4 [0x02f57b70+0x54]
J 3554 C1 com.sun.javafx.event.CompositeEventHandler$NormalEventHandlerRecord.handleBubblingEvent(Ljavafx/event/Event;)V (11 bytes) @ 0x02fbe178 [0x02fbe150+0x28]
J 3197 C1 com.sun.javafx.event.CompositeEventHandler.dispatchBubblingEvent(Ljavafx/event/Event;)V (57 bytes) @ 0x02ee4edc [0x02ee4e70+0x6c]
J 4113 C1 com.sun.javafx.event.EventHandlerManager.dispatchBubblingEvent(Ljavafx/event/Event;)Ljavafx/event/Event; (23 bytes) @ 0x031787b8 [0x031786d0+0xe8]
J 3025 C1 com.sun.javafx.event.CompositeEventDispatcher.dispatchBubblingEvent(Ljavafx/event/Event;)Ljavafx/event/Event; (35 bytes) @ 0x032cc6e8 [0x032cc6a0+0x48]
J 3003 C1 com.sun.javafx.event.BasicEventDispatcher.dispatchEvent(Ljavafx/event/Event;Ljavafx/event/EventDispatchChain;)Ljavafx/event/Event; (44 bytes) @ 0x02f3083c [0x02f307b0+0x8c]
J 2509 C1 com.sun.javafx.event.EventDispatchChainImpl.dispatchEvent(Ljavafx/event/Event;)Ljavafx/event/Event; (101 bytes) @ 0x0324ba5c [0x0324b9d0+0x8c]
J 3003 C1 com.sun.javafx.event.BasicEventDispatcher.dispatchEvent(Ljavafx/event/Event;Ljavafx/event/EventDispatchChain;)Ljavafx/event/Event; (44 bytes) @ 0x02f30820 [0x02f307b0+0x70]
J 2509 C1 com.sun.javafx.event.EventDispatchChainImpl.dispatchEvent(Ljavafx/event/Event;)Ljavafx/event/Event; (101 bytes) @ 0x0324ba5c [0x0324b9d0+0x8c]
J 3003 C1 com.sun.javafx.event.BasicEventDispatcher.dispatchEvent(Ljavafx/event/Event;Ljavafx/event/EventDispatchChain;)Ljavafx/event/Event; (44 bytes) @ 0x02f30820 [0x02f307b0+0x70]
J 2509 C1 com.sun.javafx.event.EventDispatchChainImpl.dispatchEvent(Ljavafx/event/Event;)Ljavafx/event/Event; (101 bytes) @ 0x0324ba5c [0x0324b9d0+0x8c]
J 3514 C1 com.sun.javafx.event.EventUtil.fireEventImpl(Ljavafx/event/EventDispatchChain;Ljavafx/event/EventTarget;Ljavafx/event/Event;)Ljavafx/event/Event; (16 bytes) @ 0x03079fac [0x03079f60+0x4c]
j  com.sun.javafx.event.EventUtil.fireEvent(Ljavafx/event/EventTarget;Ljavafx/event/Event;)Ljavafx/event/Event;+46
J 3490 C1 javafx.scene.Scene$MouseHandler.process(Ljavafx/scene/input/MouseEvent;Z)V (735 bytes) @ 0x02fa7574 [0x02fa6d50+0x824]
J 3544 C1 javafx.scene.Scene$ScenePeerListener.mouseEvent(Ljavafx/event/EventType;DDDDLjavafx/scene/input/MouseButton;ZZZZZZZZZ)V (50 bytes) @ 0x030ab7a0 [0x030ab660+0x140]
J 3659 C1 com.sun.javafx.tk.quantum.EmbeddedScene.lambda$null$293(IIIIIIZZZZIZZZZ)Ljava/lang/Void; (139 bytes) @ 0x02f55cf0 [0x02f55a40+0x2b0]
J 3658 C1 com.sun.javafx.tk.quantum.EmbeddedScene$$Lambda$293.run()Ljava/lang/Object; (68 bytes) @ 0x02f56234 [0x02f56150+0xe4]
v  ~StubRoutines::call_stub
V  [jvm.dll+0x15b985]
V  [jvm.dll+0x22262e]
V  [jvm.dll+0x15ba1e]
V  [jvm.dll+0x10bbaf]
C  [java.dll+0x102f]
J 3655 C1 com.sun.javafx.tk.quantum.EmbeddedScene.lambda$mouseEvent$294(IIIIIIZZZZIZZZZ)V (42 bytes) @ 0x02f56b20 [0x02f56a30+0xf0]
J 3654 C1 com.sun.javafx.tk.quantum.EmbeddedScene$$Lambda$260.run()V (68 bytes) @ 0x02f56fb4 [0x02f56ed0+0xe4]
J 2798 C1 com.sun.javafx.application.PlatformImpl$$Lambda$176.run()Ljava/lang/Object; (8 bytes) @ 0x02f1bc38 [0x02f1bc10+0x28]
v  ~StubRoutines::call_stub
V  [jvm.dll+0x15b985]
V  [jvm.dll+0x22262e]
V  [jvm.dll+0x15ba1e]
V  [jvm.dll+0x10bbaf]
C  [java.dll+0x102f]
J 2795 C1 com.sun.javafx.application.PlatformImpl.lambda$runLater$173(Ljava/lang/Runnable;Ljava/security/AccessControlContext;)V (38 bytes) @ 0x02f1b790 [0x02f1b730+0x60]
J 2794 C1 com.sun.javafx.application.PlatformImpl$$Lambda$175.run()V (12 bytes) @ 0x02f2296c [0x02f22940+0x2c]
J 2633 C1 com.sun.glass.ui.InvokeLaterDispatcher$Future.run()V (91 bytes) @ 0x03270db0 [0x03270d80+0x30]
v  ~StubRoutines::call_stub
V  [jvm.dll+0x15b985]
V  [jvm.dll+0x22262e]
V  [jvm.dll+0x15ba1e]
V  [jvm.dll+0xdd5db]
V  [jvm.dll+0xe056c]
C  0x52e6469c

Java frames: (J=compiled Java code, j=interpreted, Vv=VM code)
J 3850  com.sun.webkit.WebPage.twkProcessMouseEvent(JIIIIIIIZZZZZD)Z (0 bytes) @ 0x02f848b4 [0x02f84810+0xa4]
J 3849 C1 com.sun.webkit.WebPage.dispatchMouseEvent(Lcom/sun/webkit/event/WCMouseEvent;)Z (167 bytes) @ 0x02f83758 [0x02f83200+0x558]
J 3692 C1 javafx.scene.web.WebView.processMouseEvent(Ljavafx/scene/input/MouseEvent;)V (190 bytes) @ 0x030bfec0 [0x030bfae0+0x3e0]
J 3648 C1 javafx.scene.web.WebView$$Lambda$213.handle(Ljavafx/event/Event;)V (12 bytes) @ 0x02f57bc4 [0x02f57b70+0x54]
J 3554 C1 com.sun.javafx.event.CompositeEventHandler$NormalEventHandlerRecord.handleBubblingEvent(Ljavafx/event/Event;)V (11 bytes) @ 0x02fbe178 [0x02fbe150+0x28]
J 3197 C1 com.sun.javafx.event.CompositeEventHandler.dispatchBubblingEvent(Ljavafx/event/Event;)V (57 bytes) @ 0x02ee4edc [0x02ee4e70+0x6c]
J 4113 C1 com.sun.javafx.event.EventHandlerManager.dispatchBubblingEvent(Ljavafx/event/Event;)Ljavafx/event/Event; (23 bytes) @ 0x031787b8 [0x031786d0+0xe8]
J 3025 C1 com.sun.javafx.event.CompositeEventDispatcher.dispatchBubblingEvent(Ljavafx/event/Event;)Ljavafx/event/Event; (35 bytes) @ 0x032cc6e8 [0x032cc6a0+0x48]
J 3003 C1 com.sun.javafx.event.BasicEventDispatcher.dispatchEvent(Ljavafx/event/Event;Ljavafx/event/EventDispatchChain;)Ljavafx/event/Event; (44 bytes) @ 0x02f3083c [0x02f307b0+0x8c]
J 2509 C1 com.sun.javafx.event.EventDispatchChainImpl.dispatchEvent(Ljavafx/event/Event;)Ljavafx/event/Event; (101 bytes) @ 0x0324ba5c [0x0324b9d0+0x8c]
J 3003 C1 com.sun.javafx.event.BasicEventDispatcher.dispatchEvent(Ljavafx/event/Event;Ljavafx/event/EventDispatchChain;)Ljavafx/event/Event; (44 bytes) @ 0x02f30820 [0x02f307b0+0x70]
J 2509 C1 com.sun.javafx.event.EventDispatchChainImpl.dispatchEvent(Ljavafx/event/Event;)Ljavafx/event/Event; (101 bytes) @ 0x0324ba5c [0x0324b9d0+0x8c]
J 3003 C1 com.sun.javafx.event.BasicEventDispatcher.dispatchEvent(Ljavafx/event/Event;Ljavafx/event/EventDispatchChain;)Ljavafx/event/Event; (44 bytes) @ 0x02f30820 [0x02f307b0+0x70]
J 2509 C1 com.sun.javafx.event.EventDispatchChainImpl.dispatchEvent(Ljavafx/event/Event;)Ljavafx/event/Event; (101 bytes) @ 0x0324ba5c [0x0324b9d0+0x8c]
J 3514 C1 com.sun.javafx.event.EventUtil.fireEventImpl(Ljavafx/event/EventDispatchChain;Ljavafx/event/EventTarget;Ljavafx/event/Event;)Ljavafx/event/Event; (16 bytes) @ 0x03079fac [0x03079f60+0x4c]
j  com.sun.javafx.event.EventUtil.fireEvent(Ljavafx/event/EventTarget;Ljavafx/event/Event;)Ljavafx/event/Event;+46
J 3490 C1 javafx.scene.Scene$MouseHandler.process(Ljavafx/scene/input/MouseEvent;Z)V (735 bytes) @ 0x02fa7574 [0x02fa6d50+0x824]
J 3544 C1 javafx.scene.Scene$ScenePeerListener.mouseEvent(Ljavafx/event/EventType;DDDDLjavafx/scene/input/MouseButton;ZZZZZZZZZ)V (50 bytes) @ 0x030ab7a0 [0x030ab660+0x140]
J 3659 C1 com.sun.javafx.tk.quantum.EmbeddedScene.lambda$null$293(IIIIIIZZZZIZZZZ)Ljava/lang/Void; (139 bytes) @ 0x02f55cf0 [0x02f55a40+0x2b0]
J 3658 C1 com.sun.javafx.tk.quantum.EmbeddedScene$$Lambda$293.run()Ljava/lang/Object; (68 bytes) @ 0x02f56234 [0x02f56150+0xe4]
v  ~StubRoutines::call_stub
J 1911  java.security.AccessController.doPrivileged(Ljava/security/PrivilegedAction;Ljava/security/AccessControlContext;)Ljava/lang/Object; (0 bytes) @ 0x0317c987 [0x0317c920+0x67]
J 3655 C1 com.sun.javafx.tk.quantum.EmbeddedScene.lambda$mouseEvent$294(IIIIIIZZZZIZZZZ)V (42 bytes) @ 0x02f56b20 [0x02f56a30+0xf0]
J 3654 C1 com.sun.javafx.tk.quantum.EmbeddedScene$$Lambda$260.run()V (68 bytes) @ 0x02f56fb4 [0x02f56ed0+0xe4]
J 2798 C1 com.sun.javafx.application.PlatformImpl$$Lambda$176.run()Ljava/lang/Object; (8 bytes) @ 0x02f1bc38 [0x02f1bc10+0x28]
v  ~StubRoutines::call_stub
J 1911  java.security.AccessController.doPrivileged(Ljava/security/PrivilegedAction;Ljava/security/AccessControlContext;)Ljava/lang/Object; (0 bytes) @ 0x0317c987 [0x0317c920+0x67]
J 2795 C1 com.sun.javafx.application.PlatformImpl.lambda$runLater$173(Ljava/lang/Runnable;Ljava/security/AccessControlContext;)V (38 bytes) @ 0x02f1b790 [0x02f1b730+0x60]
J 2794 C1 com.sun.javafx.application.PlatformImpl$$Lambda$175.run()V (12 bytes) @ 0x02f2296c [0x02f22940+0x2c]
J 2633 C1 com.sun.glass.ui.InvokeLaterDispatcher$Future.run()V (91 bytes) @ 0x03270db0 [0x03270d80+0x30]
v  ~StubRoutines::call_stub
j  com.sun.glass.ui.win.WinApplication._runLoop(Ljava/lang/Runnable;)V+0
j  com.sun.glass.ui.win.WinApplication.lambda$null$147(ILjava/lang/Runnable;)V+8
j  com.sun.glass.ui.win.WinApplication$$Lambda$163.run()V+12
j  java.lang.Thread.run()V+11
v  ~StubRoutines::call_stub

---------------  P R O C E S S  ---------------

Java Threads: ( => current thread )
  0x312e5400 JavaThread "MessageSiphon" [_thread_in_native, id=6844, stack(0x33350000,0x333a0000)]
  0x312e4c00 JavaThread "MessageSiphon" [_thread_in_native, id=11948, stack(0x301f0000,0x30240000)]
  0x31353800 JavaThread "Thread-146" [_thread_blocked, id=3680, stack(0x32a10000,0x32a60000)]
  0x312e7400 JavaThread "JFXMedia Player EventQueueThread" daemon [_thread_blocked, id=15520, stack(0x28fa0000,0x28ff0000)]
  0x25707c00 JavaThread "JFXMedia Player EventQueueThread" daemon [_thread_blocked, id=14372, stack(0x30bf0000,0x30c40000)]
  0x312e6c00 JavaThread "JFXMedia Player EventQueueThread" daemon [_thread_blocked, id=6900, stack(0x28ea0000,0x28ef0000)]
  0x277d1000 JavaThread "Thread-35" daemon [_thread_in_native, id=15396, stack(0x32950000,0x329a0000)]
  0x27426400 JavaThread "Disposer" daemon [_thread_blocked, id=13444, stack(0x29210000,0x29260000)]
  0x27425800 JavaThread "Prism Font Disposer" daemon [_thread_blocked, id=7380, stack(0x26c00000,0x26c50000)]
  0x260c2400 JavaThread "Thread-33" daemon [_thread_in_native, id=8844, stack(0x2c100000,0x2c150000)]
=>0x2742b400 JavaThread "JavaFX Application Thread" [_thread_in_native, id=15996, stack(0x26750000,0x267a0000)]
  0x2742a800 JavaThread "Thread-32" daemon [_thread_blocked, id=13412, stack(0x279c0000,0x27a10000)]
  0x27428800 JavaThread "QuantumRenderer-0" daemon [_thread_blocked, id=10560, stack(0x294a0000,0x294f0000)]
  0x2742b000 JavaThread "DestroyJavaVM" [_thread_blocked, id=6332, stack(0x025a0000,0x025f0000)]
  0x2742a400 JavaThread "TimerQueue" daemon [_thread_blocked, id=7564, stack(0x29b80000,0x29bd0000)]
  0x27429c00 JavaThread "JmDNS(TRIO_SEB.local.).State.Timer" [_thread_blocked, id=15772, stack(0x29a50000,0x29aa0000)]
  0x27429400 JavaThread "JmDNS(TRIO_SEB.local.).Timer" daemon [_thread_blocked, id=16092, stack(0x29ab0000,0x29b00000)]
  0x27429000 JavaThread "SocketListener(TRIO_SEB.local.)" daemon [_thread_in_native, id=14944, stack(0x29880000,0x298d0000)]
  0x27428400 JavaThread "AWT-EventQueue-0" [_thread_in_Java, id=16352, stack(0x29830000,0x29880000)]
  0x27427c00 JavaThread "AWT-Shutdown" [_thread_blocked, id=15732, stack(0x29760000,0x297b0000)]
  0x27427800 JavaThread "JmDNS(fe80-0-0-0-21d9-7505-b13d-ad95-eth6.local.).State.Timer" [_thread_blocked, id=15712, stack(0x28410000,0x28460000)]
  0x27427000 JavaThread "JmDNS(fe80-0-0-0-21d9-7505-b13d-ad95-eth6.local.).Timer" daemon [_thread_blocked, id=15700, stack(0x28c30000,0x28c80000)]
  0x27426800 JavaThread "SocketListener(fe80-0-0-0-21d9-7505-b13d-ad95-eth6.local.)" daemon [_thread_in_native, id=16160, stack(0x295c0000,0x29610000)]
  0x260c1c00 JavaThread "Batik CleanerThread" daemon [_thread_blocked, id=14880, stack(0x28ad0000,0x28b20000)]
  0x260c1800 JavaThread "JmDNS(TRIO_SEB.local.).State.Timer" [_thread_blocked, id=13728, stack(0x28dd0000,0x28e20000)]
  0x260c1000 JavaThread "JmDNS(TRIO_SEB.local.).Timer" daemon [_thread_blocked, id=15672, stack(0x28be0000,0x28c30000)]
  0x260c0c00 JavaThread "SocketListener(TRIO_SEB.local.)" daemon [_thread_in_native, id=13372, stack(0x28a30000,0x28a80000)]
  0x260c0400 JavaThread "JmDNS(TRIO_SEB.local.).State.Timer" [_thread_blocked, id=9804, stack(0x28a80000,0x28ad0000)]
  0x260c0000 JavaThread "JmDNS(TRIO_SEB.local.).Timer" daemon [_thread_blocked, id=15104, stack(0x289b0000,0x28a00000)]
  0x260bf800 JavaThread "SocketListener(TRIO_SEB.local.)" daemon [_thread_in_native, id=12788, stack(0x28480000,0x284d0000)]
  0x260bf000 JavaThread "JmDNS(TRIO_SEB.local.).State.Timer" [_thread_blocked, id=15628, stack(0x28800000,0x28850000)]
  0x260bec00 JavaThread "JmDNS(TRIO_SEB.local.).Timer" daemon [_thread_blocked, id=15484, stack(0x286a0000,0x286f0000)]
  0x260be400 JavaThread "SocketListener(TRIO_SEB.local.)" daemon [_thread_in_native, id=16380, stack(0x28510000,0x28560000)]
  0x260be000 JavaThread "JmDNS(TRIO_SEB.local.).State.Timer" [_thread_blocked, id=12516, stack(0x27e90000,0x27ee0000)]
  0x260bd800 JavaThread "JmDNS(TRIO_SEB.local.).Timer" daemon [_thread_blocked, id=15556, stack(0x28370000,0x283c0000)]
  0x260bd400 JavaThread "SocketListener(TRIO_SEB.local.)" daemon [_thread_in_native, id=15368, stack(0x282a0000,0x282f0000)]
  0x260bcc00 JavaThread "JmDNS(TRIO_SEB.local.).State.Timer" [_thread_blocked, id=15960, stack(0x28230000,0x28280000)]
  0x260bc400 JavaThread "JmDNS(TRIO_SEB.local.).Timer" daemon [_thread_blocked, id=15724, stack(0x281a0000,0x281f0000)]
  0x260bc000 JavaThread "SocketListener(TRIO_SEB.local.)" daemon [_thread_in_native, id=12632, stack(0x28110000,0x28160000)]
  0x260bb800 JavaThread "JmDNS(172-18-131-210.local.).State.Timer" [_thread_blocked, id=6168, stack(0x27fd0000,0x28020000)]
  0x260bb400 JavaThread "JmDNS(172-18-131-210.local.).Timer" daemon [_thread_blocked, id=14744, stack(0x26cb0000,0x26d00000)]
  0x260bac00 JavaThread "SocketListener(172-18-131-210.local.)" daemon [_thread_in_native, id=3880, stack(0x27bc0000,0x27c10000)]
  0x271bec00 JavaThread "Multihomed mDNS.Timer" daemon [_thread_blocked, id=1996, stack(0x26ec0000,0x26f10000)]
  0x271c0000 JavaThread "cc.arduino.packages.discoverers.serial.SerialBoardsLister" [_thread_blocked, id=15292, stack(0x26c60000,0x26cb0000)]
  0x26002000 JavaThread "AWT-Windows" daemon [_thread_in_native, id=3252, stack(0x266e0000,0x26730000)]
  0x25ff6400 JavaThread "Java2D Disposer" daemon [_thread_blocked, id=10096, stack(0x265b0000,0x26600000)]
  0x256a2800 JavaThread "Service Thread" daemon [_thread_blocked, id=15400, stack(0x25d30000,0x25d80000)]
  0x256acc00 JavaThread "C1 CompilerThread0" daemon [_thread_blocked, id=15668, stack(0x25c30000,0x25c80000)]
  0x256abc00 JavaThread "Attach Listener" daemon [_thread_blocked, id=14768, stack(0x259a0000,0x259f0000)]
  0x256a8c00 JavaThread "Signal Dispatcher" daemon [_thread_blocked, id=15604, stack(0x25bb0000,0x25c00000)]
  0x25689000 JavaThread "Finalizer" daemon [_thread_blocked, id=1824, stack(0x25a10000,0x25a60000)]
  0x25663800 JavaThread "Reference Handler" daemon [_thread_blocked, id=6472, stack(0x25480000,0x254d0000)]

Other Threads:
  0x2565c400 VMThread [stack: 0x25870000,0x258c0000] [id=7140]
  0x256a3c00 WatcherThread [stack: 0x02550000,0x025a0000] [id=14804]

VM state:not at safepoint (normal execution)

VM Mutex/Monitor currently owned by a thread: None

Heap:
 def new generation   total 66816K, used 17091K [0x05000000, 0x09880000, 0x0faa0000)
  eden space 59392K,  27% used [0x05000000, 0x05fadd70, 0x08a00000)
  from space 7424K,  13% used [0x08a00000, 0x08b031a0, 0x09140000)
  to   space 7424K,   0% used [0x09140000, 0x09140000, 0x09880000)
 tenured generation   total 148260K, used 109549K [0x0faa0000, 0x18b69000, 0x25000000)
   the space 148260K,  73% used [0x0faa0000, 0x1659b518, 0x1659b600, 0x18b69000)
 Metaspace       used 25505K, capacity 26592K, committed 26880K, reserved 27008K

Card table byte_map: [0x04e30000,0x04f40000] byte_map_base: 0x04e08000

Polling page: 0x00300000

CodeCache: size=32768Kb used=3874Kb max_used=4774Kb free=28893Kb
 bounds [0x02e30000, 0x032e0000, 0x04e30000]
 total_blobs=2837 nmethods=2326 adapters=439
 compilation: enabled

Compilation events (10 events):
Event: 114.132 Thread 0x256acc00 4191             java.lang.ref.SoftReference::get (29 bytes)
Event: 114.133 Thread 0x256acc00 nmethod 4191 0x031a2ac8 code [0x031a2bc0, 0x031a2c80]
Event: 115.220 Thread 0x256acc00 4192             com.sun.scenario.effect.impl.prism.ps.PPSRenderer::isImageDataCompatible (39 bytes)
Event: 115.221 Thread 0x256acc00 nmethod 4192 0x031a2688 code [0x031a2790, 0x031a2a0c]
Event: 115.454 Thread 0x256acc00 4193             java.util.Collections$UnmodifiableMap::<init> (22 bytes)
Event: 115.454 Thread 0x256acc00 nmethod 4193 0x031a2408 code [0x031a2510, 0x031a260c]
Event: 118.163 Thread 0x256acc00 4194 % !         com.sun.glass.ui.InvokeLaterDispatcher::run @ 0 (153 bytes)
Event: 118.164 Thread 0x256acc00 nmethod 4194% 0x031a7448 code [0x031a75d0, 0x031a7c2c]
Event: 119.417 Thread 0x256acc00 4195             java.util.regex.Pattern$BnM::match (161 bytes)
Event: 119.418 Thread 0x256acc00 nmethod 4195 0x02f9e108 code [0x02f9e240, 0x02f9e488]

GC Heap History (10 events):
Event: 105.355 GC heap before
{Heap before GC invocations=19 (full 3):
 def new generation   total 48832K, used 48483K [0x05000000, 0x084f0000, 0x0faa0000)
  eden space 43456K,  99% used [0x05000000, 0x07a5c530, 0x07a70000)
  from space 5376K,  94% used [0x07fb0000, 0x084aca20, 0x084f0000)
  to   space 5376K,   0% used [0x07a70000, 0x07a70000, 0x07fb0000)
 tenured generation   total 108228K, used 97486K [0x0faa0000, 0x16451000, 0x25000000)
   the space 108228K,  90% used [0x0faa0000, 0x159d3b70, 0x159d3c00, 0x16451000)
 Metaspace       used 25489K, capacity 26565K, committed 26880K, reserved 27008K
Event: 105.506 GC heap after
Heap after GC invocations=20 (full 4):
 def new generation   total 66816K, used 0K [0x05000000, 0x09880000, 0x0faa0000)
  eden space 59392K,   0% used [0x05000000, 0x05000000, 0x08a00000)
  from space 7424K,   0% used [0x08a00000, 0x08a00000, 0x09140000)
  to   space 7424K,   0% used [0x09140000, 0x09140000, 0x09880000)
 tenured generation   total 148260K, used 88955K [0x0faa0000, 0x18b69000, 0x25000000)
   the space 148260K,  59% used [0x0faa0000, 0x1517efd8, 0x1517f000, 0x18b69000)
 Metaspace       used 25486K, capacity 26560K, committed 26880K, reserved 27008K
}
Event: 106.166 GC heap before
{Heap before GC invocations=20 (full 4):
 def new generation   total 66816K, used 58862K [0x05000000, 0x09880000, 0x0faa0000)
  eden space 59392K,  99% used [0x05000000, 0x0897b8f8, 0x08a00000)
  from space 7424K,   0% used [0x08a00000, 0x08a00000, 0x09140000)
  to   space 7424K,   0% used [0x09140000, 0x09140000, 0x09880000)
 tenured generation   total 148260K, used 88955K [0x0faa0000, 0x18b69000, 0x25000000)
   the space 148260K,  59% used [0x0faa0000, 0x1517efd8, 0x1517f000, 0x18b69000)
 Metaspace       used 25486K, capacity 26560K, committed 26880K, reserved 27008K
Event: 106.173 GC heap after
Heap after GC invocations=21 (full 4):
 def new generation   total 66816K, used 5733K [0x05000000, 0x09880000, 0x0faa0000)
  eden space 59392K,   0% used [0x05000000, 0x05000000, 0x08a00000)
  from space 7424K,  77% used [0x09140000, 0x096d9760, 0x09880000)
  to   space 7424K,   0% used [0x08a00000, 0x08a00000, 0x09140000)
 tenured generation   total 148260K, used 93149K [0x0faa0000, 0x18b69000, 0x25000000)
   the space 148260K,  62% used [0x0faa0000, 0x15597538, 0x15597600, 0x18b69000)
 Metaspace       used 25486K, capacity 26560K, committed 26880K, reserved 27008K
}
Event: 106.633 GC heap before
{Heap before GC invocations=21 (full 4):
 def new generation   total 66816K, used 64033K [0x05000000, 0x09880000, 0x0faa0000)
  eden space 59392K,  98% used [0x05000000, 0x088eedb8, 0x08a00000)
  from space 7424K,  77% used [0x09140000, 0x096d9760, 0x09880000)
  to   space 7424K,   0% used [0x08a00000, 0x08a00000, 0x09140000)
 tenured generation   total 148260K, used 93149K [0x0faa0000, 0x18b69000, 0x25000000)
   the space 148260K,  62% used [0x0faa0000, 0x15597538, 0x15597600, 0x18b69000)
 Metaspace       used 25486K, capacity 26560K, committed 26880K, reserved 27008K
Event: 106.638 GC heap after
Heap after GC invocations=22 (full 4):
 def new generation   total 66816K, used 4559K [0x05000000, 0x09880000, 0x0faa0000)
  eden space 59392K,   0% used [0x05000000, 0x05000000, 0x08a00000)
  from space 7424K,  61% used [0x08a00000, 0x08e73d90, 0x09140000)
  to   space 7424K,   0% used [0x09140000, 0x09140000, 0x09880000)
 tenured generation   total 148260K, used 98471K [0x0faa0000, 0x18b69000, 0x25000000)
   the space 148260K,  66% used [0x0faa0000, 0x15ac9d40, 0x15ac9e00, 0x18b69000)
 Metaspace       used 25486K, capacity 26560K, committed 26880K, reserved 27008K
}
Event: 107.610 GC heap before
{Heap before GC invocations=22 (full 4):
 def new generation   total 66816K, used 63951K [0x05000000, 0x09880000, 0x0faa0000)
  eden space 59392K, 100% used [0x05000000, 0x08a00000, 0x08a00000)
  from space 7424K,  61% used [0x08a00000, 0x08e73d90, 0x09140000)
  to   space 7424K,   0% used [0x09140000, 0x09140000, 0x09880000)
 tenured generation   total 148260K, used 98471K [0x0faa0000, 0x18b69000, 0x25000000)
   the space 148260K,  66% used [0x0faa0000, 0x15ac9d40, 0x15ac9e00, 0x18b69000)
 Metaspace       used 25486K, capacity 26560K, committed 26880K, reserved 27008K
Event: 107.616 GC heap after
Heap after GC invocations=23 (full 4):
 def new generation   total 66816K, used 4196K [0x05000000, 0x09880000, 0x0faa0000)
  eden space 59392K,   0% used [0x05000000, 0x05000000, 0x08a00000)
  from space 7424K,  56% used [0x09140000, 0x09559300, 0x09880000)
  to   space 7424K,   0% used [0x08a00000, 0x08a00000, 0x09140000)
 tenured generation   total 148260K, used 105601K [0x0faa0000, 0x18b69000, 0x25000000)
   the space 148260K,  71% used [0x0faa0000, 0x161c0500, 0x161c0600, 0x18b69000)
 Metaspace       used 25486K, capacity 26560K, committed 26880K, reserved 27008K
}
Event: 117.381 GC heap before
{Heap before GC invocations=23 (full 4):
 def new generation   total 66816K, used 63588K [0x05000000, 0x09880000, 0x0faa0000)
  eden space 59392K, 100% used [0x05000000, 0x08a00000, 0x08a00000)
  from space 7424K,  56% used [0x09140000, 0x09559300, 0x09880000)
  to   space 7424K,   0% used [0x08a00000, 0x08a00000, 0x09140000)
 tenured generation   total 148260K, used 105601K [0x0faa0000, 0x18b69000, 0x25000000)
   the space 148260K,  71% used [0x0faa0000, 0x161c0500, 0x161c0600, 0x18b69000)
 Metaspace       used 25505K, capacity 26592K, committed 26880K, reserved 27008K
Event: 117.384 GC heap after
Heap after GC invocations=24 (full 4):
 def new generation   total 66816K, used 1036K [0x05000000, 0x09880000, 0x0faa0000)
  eden space 59392K,   0% used [0x05000000, 0x05000000, 0x08a00000)
  from space 7424K,  13% used [0x08a00000, 0x08b031a0, 0x09140000)
  to   space 7424K,   0% used [0x09140000, 0x09140000, 0x09880000)
 tenured generation   total 148260K, used 109549K [0x0faa0000, 0x18b69000, 0x25000000)
   the space 148260K,  73% used [0x0faa0000, 0x1659b518, 0x1659b600, 0x18b69000)
 Metaspace       used 25505K, capacity 26592K, committed 26880K, reserved 27008K
}

Deoptimization events (0 events):
No events

Classes redefined (0 events):
No events

Internal exceptions (10 events):
Event: 37.666 Thread 0x2742b400 Exception <a 'sun/nio/fs/WindowsException'> (0x05aca8a0) thrown at [C:\re\workspace\8-2-build-windows-i586-cygwin\jdk8u171\10807\hotspot\src\share\vm\prims\jni.cpp, line 709]
Event: 37.830 Thread 0x2742b400 Implicit null exception at 0x0303d0f2 to 0x0303d381
Event: 41.042 Thread 0x2742b400 Exception <a 'java/lang/ClassNotFoundException': sun/net/www/protocol/about/Handler> (0x06e442c0) thrown at [C:\re\workspace\8-2-build-windows-i586-cygwin\jdk8u171\10807\hotspot\src\share\vm\classfile\systemDictionary.cpp, line 210]
Event: 41.063 Thread 0x2742b400 Exception <a 'java/lang/ClassNotFoundException': sun/net/www/protocol/about/Handler> (0x06e4d650) thrown at [C:\re\workspace\8-2-build-windows-i586-cygwin\jdk8u171\10807\hotspot\src\share\vm\classfile\systemDictionary.cpp, line 210]
Event: 42.950 Thread 0x277d1000 Exception <a 'sun/nio/fs/WindowsException'> (0x05983a98) thrown at [C:\re\workspace\8-2-build-windows-i586-cygwin\jdk8u171\10807\hotspot\src\share\vm\prims\jni.cpp, line 709]
Event: 47.744 Thread 0x2742b400 Implicit null exception at 0x0324bda1 to 0x0324be06
Event: 52.951 Thread 0x2742b400 Exception <a 'java/lang/ClassNotFoundException': sun/net/www/protocol/about/Handler> (0x057f3cf0) thrown at [C:\re\workspace\8-2-build-windows-i586-cygwin\jdk8u171\10807\hotspot\src\share\vm\classfile\systemDictionary.cpp, line 210]
Event: 52.953 Thread 0x2742b400 Exception <a 'java/lang/ClassNotFoundException': sun/net/www/protocol/about/Handler> (0x057f8e10) thrown at [C:\re\workspace\8-2-build-windows-i586-cygwin\jdk8u171\10807\hotspot\src\share\vm\classfile\systemDictionary.cpp, line 210]
Event: 112.124 Thread 0x2742b400 Exception <a 'java/lang/ClassNotFoundException': sun/net/www/protocol/about/Handler> (0x050b1f00) thrown at [C:\re\workspace\8-2-build-windows-i586-cygwin\jdk8u171\10807\hotspot\src\share\vm\classfile\systemDictionary.cpp, line 210]
Event: 112.125 Thread 0x2742b400 Exception <a 'java/lang/ClassNotFoundException': sun/net/www/protocol/about/Handler> (0x050b6da0) thrown at [C:\re\workspace\8-2-build-windows-i586-cygwin\jdk8u171\10807\hotspot\src\share\vm\classfile\systemDictionary.cpp, line 210]

Events (10 events):
Event: 117.384 Executing VM operation: RevokeBias
Event: 117.384 Executing VM operation: RevokeBias done
Event: 117.384 Executing VM operation: RevokeBias
Event: 117.384 Executing VM operation: RevokeBias done
Event: 117.385 Executing VM operation: RevokeBias
Event: 117.385 Executing VM operation: RevokeBias done
Event: 117.385 Executing VM operation: RevokeBias
Event: 117.385 Executing VM operation: RevokeBias done
Event: 117.385 Executing VM operation: RevokeBias
Event: 117.385 Executing VM operation: RevokeBias done


Dynamic libraries:
0x00c10000 - 0x00c43000 	F:\Logiciels\ArduinoTechnoEduc\java\bin\javaw.exe
0x779c0000 - 0x77b40000 	C:\Windows\SysWOW64\ntdll.dll
0x765f0000 - 0x76700000 	C:\Windows\syswow64\kernel32.dll
0x76850000 - 0x76897000 	C:\Windows\syswow64\KERNELBASE.dll
0x772f0000 - 0x77391000 	C:\Windows\syswow64\ADVAPI32.dll
0x77060000 - 0x7710c000 	C:\Windows\syswow64\msvcrt.dll
0x75190000 - 0x751a9000 	C:\Windows\SysWOW64\sechost.dll
0x769a0000 - 0x76a90000 	C:\Windows\syswow64\RPCRT4.dll
0x75130000 - 0x75190000 	C:\Windows\syswow64\SspiCli.dll
0x75120000 - 0x7512c000 	C:\Windows\syswow64\CRYPTBASE.dll
0x768a0000 - 0x769a0000 	C:\Windows\syswow64\USER32.dll
0x773a0000 - 0x77430000 	C:\Windows\syswow64\GDI32.dll
0x756a0000 - 0x756aa000 	C:\Windows\syswow64\LPK.dll
0x76530000 - 0x765cd000 	C:\Windows\syswow64\USP10.dll
0x73020000 - 0x731be000 	C:\Windows\WinSxS\x86_microsoft.windows.common-controls_6595b64144ccf1df_6.0.7601.18837_none_41e855142bd5705d\COMCTL32.dll
0x77000000 - 0x77057000 	C:\Windows\syswow64\SHLWAPI.dll
0x76700000 - 0x76760000 	C:\Windows\system32\IMM32.DLL
0x76780000 - 0x7684d000 	C:\Windows\syswow64\MSCTF.dll
0x772c0000 - 0x772c5000 	C:\Windows\syswow64\api-ms-win-downlevel-advapi32-l1-1-0.dll
0x547d0000 - 0x5488f000 	F:\Logiciels\ArduinoTechnoEduc\java\bin\msvcr100.dll
0x508c0000 - 0x50c91000 	F:\Logiciels\ArduinoTechnoEduc\java\bin\client\jvm.dll
0x6c110000 - 0x6c117000 	C:\Windows\system32\WSOCK32.dll
0x76f30000 - 0x76f65000 	C:\Windows\syswow64\WS2_32.dll
0x756b0000 - 0x756b6000 	C:\Windows\syswow64\NSI.dll
0x73ca0000 - 0x73cd2000 	C:\Windows\system32\WINMM.dll
0x73ce0000 - 0x73ce9000 	C:\Windows\system32\VERSION.dll
0x75690000 - 0x75695000 	C:\Windows\syswow64\PSAPI.DLL
0x60050000 - 0x60080000 	F:\Logiciels\ArduinoTechnoEduc\java\bin\splashscreen.dll
0x72510000 - 0x72590000 	C:\Windows\system32\uxtheme.dll
0x69400000 - 0x6957c000 	C:\Program Files (x86)\360\Total Security\safemon\safemon.dll
0x758e0000 - 0x7652c000 	C:\Windows\syswow64\SHELL32.dll
0x756f0000 - 0x7584d000 	C:\Windows\syswow64\ole32.dll
0x755f0000 - 0x75681000 	C:\Windows\syswow64\OLEAUT32.dll
0x73c50000 - 0x73c61000 	C:\Windows\system32\NETAPI32.dll
0x73c40000 - 0x73c49000 	C:\Windows\system32\netutils.dll
0x73c20000 - 0x73c39000 	C:\Windows\system32\srvcli.dll
0x73c10000 - 0x73c1f000 	C:\Windows\system32\wkscli.dll
0x765e0000 - 0x765eb000 	C:\Windows\syswow64\profapi.dll
0x69db0000 - 0x69e08000 	C:\Program Files (x86)\Common Files\microsoft shared\ink\tiptsf.dll
0x76a90000 - 0x76b13000 	C:\Windows\syswow64\CLBCatQ.DLL
0x74730000 - 0x7476c000 	C:\Windows\system32\oleacc.dll
0x66310000 - 0x6631c000 	F:\Logiciels\ArduinoTechnoEduc\java\bin\verify.dll
0x577a0000 - 0x577c2000 	F:\Logiciels\ArduinoTechnoEduc\java\bin\java.dll
0x57800000 - 0x57814000 	F:\Logiciels\ArduinoTechnoEduc\java\bin\zip.dll
0x61740000 - 0x6176b000 	F:\Logiciels\ArduinoTechnoEduc\lib\listSerialsj.dll
0x77120000 - 0x772bd000 	C:\Windows\syswow64\SETUPAPI.dll
0x756c0000 - 0x756e7000 	C:\Windows\syswow64\CFGMGR32.dll
0x772d0000 - 0x772e2000 	C:\Windows\syswow64\DEVOBJ.dll
0x577e0000 - 0x577fd000 	F:\Logiciels\ArduinoTechnoEduc\lib\jnidispatch-4.2.2-win32-x86.dll
0x547b0000 - 0x547c5000 	F:\Logiciels\ArduinoTechnoEduc\java\bin\net.dll
0x732b0000 - 0x732ec000 	C:\Windows\system32\mswsock.dll
0x73390000 - 0x73396000 	C:\Windows\System32\wship6.dll
0x662f0000 - 0x662ff000 	F:\Logiciels\ArduinoTechnoEduc\java\bin\nio.dll
0x542b0000 - 0x543f5000 	F:\Logiciels\ArduinoTechnoEduc\java\bin\awt.dll
0x708a0000 - 0x708b3000 	C:\Windows\system32\dwmapi.dll
0x586d0000 - 0x58709000 	F:\Logiciels\ArduinoTechnoEduc\java\bin\fontmanager.dll
0x68750000 - 0x68818000 	C:\Windows\system32\opengl32.dll
0x68720000 - 0x68742000 	C:\Windows\system32\GLU32.dll
0x68630000 - 0x68717000 	C:\Windows\system32\DDRAW.dll
0x68620000 - 0x68626000 	C:\Windows\system32\DCIMAN32.dll
0x58690000 - 0x586c2000 	F:\Logiciels\ArduinoTechnoEduc\java\bin\t2k.dll
0x73c80000 - 0x73c9c000 	C:\Windows\system32\IPHLPAPI.DLL
0x73c70000 - 0x73c77000 	C:\Windows\system32\WINNSI.DLL
0x73680000 - 0x73692000 	C:\Windows\system32\dhcpcsvc.DLL
0x73350000 - 0x7335d000 	C:\Windows\system32\dhcpcsvc6.DLL
0x735d0000 - 0x73614000 	C:\Windows\system32\DNSAPI.dll
0x73280000 - 0x732a1000 	C:\Program Files (x86)\Bonjour\mdnsNSP.dll
0x733a0000 - 0x733a5000 	C:\Windows\System32\wshtcpip.dll
0x73370000 - 0x73376000 	C:\Windows\system32\rasadhlp.dll
0x708c0000 - 0x708f8000 	C:\Windows\System32\fwpuclnt.dll
0x54240000 - 0x542a9000 	F:\Logiciels\ArduinoTechnoEduc\msvcp100.dll
0x54180000 - 0x5423e000 	F:\Logiciels\ArduinoTechnoEduc\msvcr100.dll
0x25ab0000 - 0x25ae2000 	F:\Logiciels\ArduinoTechnoEduc\lib\AStylej.dll
0x58660000 - 0x58684000 	F:\Logiciels\ArduinoTechnoEduc\java\bin\dcpr.dll
0x69990000 - 0x69ac1000 	C:\Windows\system32\WindowsCodecs.dll
0x70910000 - 0x7095c000 	C:\Windows\system32\apphelp.dll
0x53f20000 - 0x53fb0000 	C:\ProgramData\MEGAsync\ShellExtX32.dll
0x73b00000 - 0x73b03000 	C:\Windows\system32\api-ms-win-core-synch-l1-2-0.DLL
0x53cf0000 - 0x53f18000 	C:\Program Files\Microsoft Office\root\VFS\ProgramFilesX86\Microsoft Office\Office16\GROOVEEX.DLL
0x54790000 - 0x547a5000 	C:\Program Files\Microsoft Office\root\VFS\ProgramFilesX86\Microsoft Office\Office16\VCRUNTIME140.dll
0x60250000 - 0x60254000 	C:\Program Files\Microsoft Office\root\VFS\ProgramFilesX86\Microsoft Office\Office16\api-ms-win-crt-runtime-l1-1-0.dll
0x53bd0000 - 0x53ce8000 	F:\Logiciels\ArduinoTechnoEduc\java\bin\ucrtbase.DLL
0x60270000 - 0x60273000 	F:\Logiciels\ArduinoTechnoEduc\java\bin\api-ms-win-core-timezone-l1-1-0.dll
0x60200000 - 0x60203000 	F:\Logiciels\ArduinoTechnoEduc\java\bin\api-ms-win-core-file-l2-1-0.dll
0x58650000 - 0x58653000 	F:\Logiciels\ArduinoTechnoEduc\java\bin\api-ms-win-core-localization-l1-2-0.dll
0x54780000 - 0x54783000 	F:\Logiciels\ArduinoTechnoEduc\java\bin\api-ms-win-core-processthreads-l1-1-1.dll
0x54650000 - 0x54653000 	F:\Logiciels\ArduinoTechnoEduc\java\bin\api-ms-win-core-file-l1-2-0.dll
0x54640000 - 0x54644000 	C:\Program Files\Microsoft Office\root\VFS\ProgramFilesX86\Microsoft Office\Office16\api-ms-win-crt-string-l1-1-0.dll
0x54630000 - 0x54633000 	C:\Program Files\Microsoft Office\root\VFS\ProgramFilesX86\Microsoft Office\Office16\api-ms-win-crt-heap-l1-1-0.dll
0x54170000 - 0x54174000 	C:\Program Files\Microsoft Office\root\VFS\ProgramFilesX86\Microsoft Office\Office16\api-ms-win-crt-stdio-l1-1-0.dll
0x54160000 - 0x54164000 	C:\Program Files\Microsoft Office\root\VFS\ProgramFilesX86\Microsoft Office\Office16\api-ms-win-crt-convert-l1-1-0.dll
0x53fe0000 - 0x54051000 	C:\Program Files\Microsoft Office\root\VFS\ProgramFilesX86\Microsoft Office\Office16\MSVCP140.dll
0x54150000 - 0x54153000 	C:\Program Files\Microsoft Office\root\VFS\ProgramFilesX86\Microsoft Office\Office16\api-ms-win-crt-locale-l1-1-0.dll
0x54140000 - 0x54145000 	C:\Program Files\Microsoft Office\root\VFS\ProgramFilesX86\Microsoft Office\Office16\api-ms-win-crt-math-l1-1-0.dll
0x53bc0000 - 0x53bc5000 	C:\Program Files\Microsoft Office\root\VFS\ProgramFilesX86\Microsoft Office\Office16\api-ms-win-crt-multibyte-l1-1-0.dll
0x53bb0000 - 0x53bb3000 	C:\Program Files\Microsoft Office\root\VFS\ProgramFilesX86\Microsoft Office\Office16\api-ms-win-crt-time-l1-1-0.dll
0x53ba0000 - 0x53ba3000 	C:\Program Files\Microsoft Office\root\VFS\ProgramFilesX86\Microsoft Office\Office16\api-ms-win-crt-filesystem-l1-1-0.dll
0x53b90000 - 0x53b93000 	C:\Program Files\Microsoft Office\root\VFS\ProgramFilesX86\Microsoft Office\Office16\api-ms-win-crt-environment-l1-1-0.dll
0x53b80000 - 0x53b83000 	C:\Program Files\Microsoft Office\root\VFS\ProgramFilesX86\Microsoft Office\Office16\api-ms-win-crt-utility-l1-1-0.dll
0x713b0000 - 0x715f6000 	C:\Windows\system32\msi.dll
0x53210000 - 0x53aa3000 	C:\Program Files\Microsoft Office\root\VFS\ProgramFilesX86\Microsoft Office\Office16\1036\GrooveIntlResource.dll
0x26bc0000 - 0x26beb000 	C:\Windows\SysWOW64\cbfsMntNtf6.dll
0x53190000 - 0x531c1000 	C:\Windows\system32\EhStorShell.dll
0x72e80000 - 0x72f75000 	C:\Windows\system32\PROPSYS.dll
0x69810000 - 0x69880000 	C:\Windows\system32\ntshrui.dll
0x69e10000 - 0x69e1b000 	C:\Windows\system32\cscapi.dll
0x69800000 - 0x6980a000 	C:\Windows\system32\slc.dll
0x53b70000 - 0x53b73000 	F:\Logiciels\ArduinoTechnoEduc\java\bin\api-ms-win-core-console-l1-1-0.dll
0x53b60000 - 0x53b63000 	F:\Logiciels\ArduinoTechnoEduc\java\bin\api-ms-win-core-datetime-l1-1-0.dll
0x53b50000 - 0x53b53000 	F:\Logiciels\ArduinoTechnoEduc\java\bin\api-ms-win-core-debug-l1-1-0.dll
0x53b40000 - 0x53b43000 	F:\Logiciels\ArduinoTechnoEduc\java\bin\api-ms-win-core-errorhandling-l1-1-0.dll
0x53b30000 - 0x53b34000 	F:\Logiciels\ArduinoTechnoEduc\java\bin\api-ms-win-core-file-l1-1-0.dll
0x53b20000 - 0x53b23000 	F:\Logiciels\ArduinoTechnoEduc\java\bin\api-ms-win-core-handle-l1-1-0.dll
0x53b10000 - 0x53b13000 	F:\Logiciels\ArduinoTechnoEduc\java\bin\api-ms-win-core-heap-l1-1-0.dll
0x53b00000 - 0x53b03000 	F:\Logiciels\ArduinoTechnoEduc\java\bin\api-ms-win-core-interlocked-l1-1-0.dll
0x53af0000 - 0x53af3000 	F:\Logiciels\ArduinoTechnoEduc\java\bin\api-ms-win-core-libraryloader-l1-1-0.dll
0x53ae0000 - 0x53ae3000 	F:\Logiciels\ArduinoTechnoEduc\java\bin\api-ms-win-core-memory-l1-1-0.dll
0x53ad0000 - 0x53ad3000 	F:\Logiciels\ArduinoTechnoEduc\java\bin\api-ms-win-core-namedpipe-l1-1-0.dll
0x53ac0000 - 0x53ac3000 	F:\Logiciels\ArduinoTechnoEduc\java\bin\api-ms-win-core-processenvironment-l1-1-0.dll
0x53110000 - 0x53113000 	F:\Logiciels\ArduinoTechnoEduc\java\bin\api-ms-win-core-processthreads-l1-1-0.dll
0x53100000 - 0x53103000 	F:\Logiciels\ArduinoTechnoEduc\java\bin\api-ms-win-core-profile-l1-1-0.dll
0x530f0000 - 0x530f3000 	F:\Logiciels\ArduinoTechnoEduc\java\bin\api-ms-win-core-rtlsupport-l1-1-0.dll
0x530e0000 - 0x530e3000 	F:\Logiciels\ArduinoTechnoEduc\java\bin\api-ms-win-core-string-l1-1-0.dll
0x530d0000 - 0x530d3000 	F:\Logiciels\ArduinoTechnoEduc\java\bin\api-ms-win-core-synch-l1-1-0.dll
0x530c0000 - 0x530c3000 	F:\Logiciels\ArduinoTechnoEduc\java\bin\api-ms-win-core-synch-l1-2-0.dll
0x530b0000 - 0x530b3000 	F:\Logiciels\ArduinoTechnoEduc\java\bin\api-ms-win-core-sysinfo-l1-1-0.dll
0x530a0000 - 0x530a3000 	F:\Logiciels\ArduinoTechnoEduc\java\bin\api-ms-win-core-util-l1-1-0.dll
0x53090000 - 0x53093000 	F:\Logiciels\ArduinoTechnoEduc\java\bin\api-ms-win-crt-conio-l1-1-0.dll

VM Arguments:
jvm_args: -Dsun.java2d.d3d=false -Djna.nosys=true -Djna.nounpack=true -Djna.boot.library.name=jnidispatch-4.2.2-win32-x86 -Djna.boot.library.path=F:\Logiciels\ArduinoTechnoEduc/lib -Djssc.library.path=F:\Logiciels\ArduinoTechnoEduc/lib -DAPP_DIR=F:\Logiciels\ArduinoTechnoEduc -Xms128M -Xmx512M 
java_command: processing.app.Base
java_class_path (initial): F:\Logiciels\ArduinoTechnoEduc\lib\apple.jar;F:\Logiciels\ArduinoTechnoEduc\lib\arduino-core.jar;F:\Logiciels\ArduinoTechnoEduc\lib\batik-1.8.jar;F:\Logiciels\ArduinoTechnoEduc\lib\batik-anim-1.8.jar;F:\Logiciels\ArduinoTechnoEduc\lib\batik-awt-util-1.8.jar;F:\Logiciels\ArduinoTechnoEduc\lib\batik-bridge-1.8.jar;F:\Logiciels\ArduinoTechnoEduc\lib\batik-codec-1.8.jar;F:\Logiciels\ArduinoTechnoEduc\lib\batik-css-1.8.jar;F:\Logiciels\ArduinoTechnoEduc\lib\batik-dom-1.8.jar;F:\Logiciels\ArduinoTechnoEduc\lib\batik-ext-1.8.jar;F:\Logiciels\ArduinoTechnoEduc\lib\batik-gvt-1.8.jar;F:\Logiciels\ArduinoTechnoEduc\lib\batik-parser-1.8.jar;F:\Logiciels\ArduinoTechnoEduc\lib\batik-rasterizer-1.8.jar;F:\Logiciels\ArduinoTechnoEduc\lib\batik-script-1.8.jar;F:\Logiciels\ArduinoTechnoEduc\lib\batik-squiggle-1.8.jar;F:\Logiciels\ArduinoTechnoEduc\lib\batik-svg-dom-1.8.jar;F:\Logiciels\ArduinoTechnoEduc\lib\batik-svgpp-1.8.jar;F:\Logiciels\ArduinoTechnoEduc\lib\batik-transcoder-1.8.jar;F:\Logiciels\ArduinoTechnoEduc\lib\batik-util-1.8.jar;F:\Logiciels\ArduinoTechnoEduc\lib\batik-xml-1.8.jar;F:\Logiciels\ArduinoTechnoEduc\lib\bcpg-jdk15on-152.jar;F:\Logiciels\ArduinoTechnoEduc\lib\bcprov-jdk15on-152.jar;F:\Logiciels\ArduinoTechnoEduc\lib\commons-codec-1.7.jar;F:\Logiciels\ArduinoTechnoEduc\lib\commons-compress-1.8.jar;F:\Logiciels\ArduinoTechnoEduc\lib\commons-exec-1.1.jar;F:\Logiciels\ArduinoTechnoEduc\lib\commons-httpclient-3.1.jar;F:\Logiciels\ArduinoTechnoEduc\lib\commons-lang3-3.3.2.jar;F:\Logiciels\ArduinoTechnoEduc\lib\commons-logging-1.0.4.jar;F:\Logiciels\ArduinoTechnoEduc\lib\commons-net-3.3.jar;F:\Logiciels\ArduinoTechnoEduc\lib\jackson-annotations-2.9.5.jar;F:\Logiciels\ArduinoTechnoEduc\lib\jackson-core-2.9.5.jar;F:\Logiciels\ArduinoTechnoEduc\lib\jackson-databind-2.9.5.jar;F:\Logiciels\ArduinoTechnoEduc\lib\jackson-module-mrbean-2.9.5.jar;F:\Logiciels\ArduinoTechnoEduc\lib\java-semver-0.8.0.jar;F:\Logiciels\ArduinoTechnoEduc\lib\jmdns-3.5.3.j
Launcher Type: SUN_STANDARD

Environment Variables:
PATH=C:\Program Files (x86)\Python\Scripts\;C:\Program Files (x86)\Python\;C:\Program Files (x86)\Embarcadero_Studio\bin;C:\Program Files (x86)\Common Files\Oracle\Java\javapath;C:\Program Files (x86)\NVIDIA Corporation\PhysX\Common;C:\Windows\Microsoft.NET\Framework\v1.1.4322\;C:\Program Files (x86)\Borland\Bin;C:\ProgramData\Oracle\Java\javapath;C:\Windows\system32;C:\Windows;C:\Windows\System32\Wbem;C:\Windows\System32\WindowsPowerShell\v1.0\;C:\Program Files (x86)\Common Files\Acronis\VirtualFile\;C:\Program Files (x86)\Common Files\Acronis\VirtualFile64\;C:\Program Files (x86)\Common Files\Acronis\FileProtector\;C:\Program Files (x86)\Common Files\Acronis\FileProtector64\;C:\Program Files (x86)\Common Files\Acronis\SnapAPI\;C:\Program Files\PuTTY\;C:\Program Files (x86)\Windows Kits\8.1\Windows Performance Toolkit\;C:\Program Files (x86)\MiKTeX\miktex\bin\;C:\Program Files (x86)\LyX\Perl\bin;F:\Logiciels\Projets\bpl;K:\ZZZzzz\Projets Borland Studio\Bpl;C:\Users\babas\AppData\Local\GitHubDesktop\bin;C:\Program Files\Microsoft VS Code\bin;C:\Program Files\Java\jdk1.8.0_161\bin;F:\Logiciels\ArduinoTechnoEduc\java\bin
USERNAME=babas
OS=Windows_NT
PROCESSOR_IDENTIFIER=Intel64 Family 6 Model 69 Stepping 1, GenuineIntel



---------------  S Y S T E M  ---------------

OS: Windows 7 , 64 bit Build 7601 (6.1.7601.24236)

CPU:total 4 (initial active 4) (2 cores per cpu, 2 threads per core) family 6 model 69 stepping 1, cmov, cx8, fxsr, mmx, sse, sse2, sse3, ssse3, sse4.1, sse4.2, popcnt, avx, avx2, aes, clmul, erms, lzcnt, ht, tsc, tscinvbit, bmi1, bmi2

Memory: 4k page, physical 3878360k(1143056k free), swap 7836744k(3148716k free)

vm_info: Java HotSpot(TM) Client VM (25.171-b11) for windows-x86 JRE (1.8.0_171-b11), built on Mar 28 2018 14:51:22 by "java_re" with MS VC++ 10.0 (VS2010)

time: Fri Oct 05 16:33:50 2018
elapsed time: 119 seconds (0d 0h 1m 59s)

