#
# A fatal error has been detected by the Java Runtime Environment:
#
#  Internal Error (memory/genCollectedHeap.hpp:366), pid=5684, tid=0x00001c4c
#  guarantee(l > 0) failed: Out of bounds
#
# JRE version: Java(TM) SE Runtime Environment (8.0_92-b14) (build 1.8.0_92-b14)
# Java VM: Java HotSpot(TM) Client VM (25.92-b14 mixed mode windows-x86 )
# Failed to write core dump. Minidumps are not enabled by default on client versions of Windows
#
# If you would like to submit a bug report, please visit:
#   http://bugreport.java.com/bugreport/crash.jsp
#

---------------  T H R E A D  ---------------

Current thread (0x00ecd800):  VMThread [stack: 0x04bb0000,0x04c00000] [id=7244]

Stack: [0x04bb0000,0x04c00000],  sp=0x04bfed90,  free space=315k
Native frames: (J=compiled Java code, j=interpreted, Vv=VM code, C=native code)
V  [jvm.dll+0x1a8c1b]
V  [jvm.dll+0x1a13c5]
V  [jvm.dll+0xa51e3]
V  [jvm.dll+0xa5395]
V  [jvm.dll+0x99502]
V  [jvm.dll+0x97f2c]
V  [jvm.dll+0x9ae3e]
V  [jvm.dll+0x99bff]
V  [jvm.dll+0xa5e22]
V  [jvm.dll+0x987d3]
V  [jvm.dll+0x927d5]
V  [jvm.dll+0x1b7636]
V  [jvm.dll+0x181c0b]
V  [jvm.dll+0x181021]
V  [jvm.dll+0x181437]
V  [jvm.dll+0x181632]
V  [jvm.dll+0x1c1376]
C  [msvcr100.dll+0x5c556]
C  [msvcr100.dll+0x5c600]
C  [KERNEL32.DLL+0x17c04]
C  [ntdll.dll+0x5ab8f]
C  [ntdll.dll+0x5ab5a]

VM_Operation (0x2681f1bc): GenCollectForAllocation, mode: safepoint, requested by thread 0x26c76800


---------------  P R O C E S S  ---------------

Java Threads: ( => current thread )
  0x25bd1800 JavaThread "JmDNS(Trio_Seb.local.).Timer" daemon [_thread_blocked, id=9084, stack(0x29080000,0x290d0000)]
  0x25bcf800 JavaThread "JmDNS(Trio_Seb.local.).State.Timer" [_thread_blocked, id=8200, stack(0x28e20000,0x28e70000)]
  0x25bcf000 JavaThread "JmDNS(Trio_Seb.local.).Timer" daemon [_thread_blocked, id=8148, stack(0x28d90000,0x28de0000)]
  0x25bcd000 JavaThread "SocketListener(Trio_Seb.local.)" daemon [_thread_in_native, id=8968, stack(0x28d00000,0x28d50000)]
  0x25bcd800 JavaThread "JmDNS(Trio_Seb.local.).Timer" daemon [_thread_blocked, id=8964, stack(0x28a70000,0x28ac0000)]
  0x25bcfc00 JavaThread "JmDNS(Trio_Seb.local.).State.Timer" [_thread_blocked, id=8972, stack(0x289e0000,0x28a30000)]
  0x2b161c00 JavaThread "JmDNS(Trio_Seb.local.).Timer" daemon [_thread_blocked, id=9016, stack(0x28950000,0x289a0000)]
  0x2b161800 JavaThread "SocketListener(Trio_Seb.local.)" daemon [_thread_in_native, id=8936, stack(0x288c0000,0x28910000)]
  0x2b160c00 JavaThread "JmDNS(Trio_Seb.local.).Timer" daemon [_thread_blocked, id=808, stack(0x28830000,0x28880000)]
  0x2b15f800 JavaThread "JmDNS(Trio_Seb.local.).State.Timer" [_thread_blocked, id=9148, stack(0x287a0000,0x287f0000)]
  0x2b161000 JavaThread "JmDNS(Trio_Seb.local.).Timer" daemon [_thread_blocked, id=9032, stack(0x28710000,0x28760000)]
  0x2b15cc00 JavaThread "SocketListener(Trio_Seb.local.)" daemon [_thread_in_native, id=8256, stack(0x28680000,0x286d0000)]
  0x2b15f000 JavaThread "JmDNS(Trio_Seb.local.).Timer" daemon [_thread_blocked, id=6472, stack(0x285f0000,0x28640000)]
  0x2b15ec00 JavaThread "JmDNS(Trio_Seb.local.).State.Timer" [_thread_blocked, id=2432, stack(0x28300000,0x28350000)]
  0x2b15e400 JavaThread "JmDNS(Trio_Seb.local.).Timer" daemon [_thread_blocked, id=5500, stack(0x28270000,0x282c0000)]
  0x2b15e000 JavaThread "SocketListener(Trio_Seb.local.)" daemon [_thread_in_native, id=1692, stack(0x281e0000,0x28230000)]
  0x2b15d800 JavaThread "JmDNS(Trio_Seb.local.).Timer" daemon [_thread_blocked, id=2076, stack(0x28150000,0x281a0000)]
  0x2b160400 JavaThread "JmDNS(Trio_Seb.local.).State.Timer" [_thread_blocked, id=2032, stack(0x280c0000,0x28110000)]
  0x2b160000 JavaThread "JmDNS(Trio_Seb.local.).Timer" daemon [_thread_blocked, id=7560, stack(0x28030000,0x28080000)]
  0x2b15a800 JavaThread "SocketListener(Trio_Seb.local.)" daemon [_thread_in_native, id=7908, stack(0x27fa0000,0x27ff0000)]
  0x2b15c000 JavaThread "JmDNS(Trio_Seb.local.).Timer" daemon [_thread_blocked, id=8600, stack(0x27d80000,0x27dd0000)]
  0x2b15b800 JavaThread "JmDNS(Trio_Seb.local.).State.Timer" [_thread_blocked, id=7884, stack(0x27cf0000,0x27d40000)]
  0x2b15c400 JavaThread "JmDNS(Trio_Seb.local.).Timer" daemon [_thread_blocked, id=8400, stack(0x27b60000,0x27bb0000)]
  0x2b15b400 JavaThread "SocketListener(Trio_Seb.local.)" daemon [_thread_in_native, id=5196, stack(0x27ad0000,0x27b20000)]
  0x2b15d400 JavaThread "JmDNS(Trio_Seb.local.).Timer" daemon [_thread_blocked, id=9168, stack(0x27a40000,0x27a90000)]
  0x2b15ac00 JavaThread "JmDNS(Trio_Seb.local.).State.Timer" [_thread_blocked, id=8784, stack(0x279b0000,0x27a00000)]
  0x26d1fc00 JavaThread "JmDNS(Trio_Seb.local.).Timer" daemon [_thread_blocked, id=7548, stack(0x27920000,0x27970000)]
  0x26d1e800 JavaThread "SocketListener(Trio_Seb.local.)" daemon [_thread_in_native, id=8748, stack(0x00ed0000,0x00f20000)]
  0x26d20800 JavaThread "JmDNS(Trio_Seb.local.).Timer" daemon [_thread_blocked, id=7936, stack(0x27890000,0x278e0000)]
  0x26d1f400 JavaThread "JmDNS(Trio_Seb.local.).State.Timer" [_thread_blocked, id=5300, stack(0x27800000,0x27850000)]
  0x26d1b000 JavaThread "JmDNS(Trio_Seb.local.).Timer" daemon [_thread_blocked, id=5548, stack(0x27770000,0x277c0000)]
  0x26d1e400 JavaThread "SocketListener(Trio_Seb.local.)" daemon [_thread_in_native, id=6480, stack(0x02990000,0x029e0000)]
  0x26d1dc00 JavaThread "JmDNS(Trio_Seb.local.).Timer" daemon [_thread_blocked, id=712, stack(0x276e0000,0x27730000)]
  0x26d1d000 JavaThread "JmDNS(Trio_Seb.local.).State.Timer" [_thread_blocked, id=1728, stack(0x27650000,0x276a0000)]
  0x26d1a800 JavaThread "JmDNS(Trio_Seb.local.).Timer" daemon [_thread_blocked, id=7820, stack(0x275c0000,0x27610000)]
  0x26d19000 JavaThread "SocketListener(Trio_Seb.local.)" daemon [_thread_in_native, id=7992, stack(0x27530000,0x27580000)]
  0x26d1b800 JavaThread "JmDNS(Trio_Seb.local.).Timer" daemon [_thread_blocked, id=7320, stack(0x274a0000,0x274f0000)]
  0x26d1a400 JavaThread "JmDNS(Trio_Seb.local.).State.Timer" [_thread_blocked, id=7192, stack(0x273e0000,0x27430000)]
  0x26d1c800 JavaThread "JmDNS(Trio_Seb.local.).Timer" daemon [_thread_blocked, id=7848, stack(0x27390000,0x273e0000)]
  0x26d19800 JavaThread "SocketListener(Trio_Seb.local.)" daemon [_thread_in_native, id=9092, stack(0x268b0000,0x26900000)]
  0x26d1f000 JavaThread "DestroyJavaVM" [_thread_blocked, id=2204, stack(0x00f70000,0x00fc0000)]
  0x26d20000 JavaThread "TimerQueue" daemon [_thread_blocked, id=1332, stack(0x2c5e0000,0x2c630000)]
  0x26d1c400 JavaThread "AWT-EventQueue-0" [_thread_blocked, id=7748, stack(0x2c3c0000,0x2c410000)]
  0x26d19c00 JavaThread "AWT-Shutdown" [_thread_blocked, id=1572, stack(0x29150000,0x291a0000)]
  0x26d1bc00 JavaThread "Batik CleanerThread" daemon [_thread_blocked, id=7328, stack(0x28f30000,0x28f80000)]
  0x26d1d400 JavaThread "Swing-Shell" daemon [_thread_blocked, id=7600, stack(0x292e0000,0x29330000)]
  0x26cad800 JavaThread "cc.arduino.packages.discoverers.network.BoardReachabilityFilter" [_thread_blocked, id=7364, stack(0x26860000,0x268b0000)]
  0x26c76800 JavaThread "cc.arduino.packages.discoverers.network.NetworkChecker" [_thread_blocked, id=592, stack(0x267d0000,0x26820000)]
  0x26c76000 JavaThread "cc.arduino.packages.discoverers.serial.SerialBoardsLister" [_thread_blocked, id=7976, stack(0x26740000,0x26790000)]
  0x25945c00 JavaThread "AWT-Windows" daemon [_thread_blocked, id=5160, stack(0x26150000,0x261a0000)]
  0x25944c00 JavaThread "Java2D Disposer" daemon [_thread_blocked, id=5240, stack(0x26030000,0x26080000)]
  0x25142800 JavaThread "Service Thread" daemon [_thread_blocked, id=8052, stack(0x25720000,0x25770000)]
  0x2514a800 JavaThread "C1 CompilerThread0" daemon [_thread_blocked, id=1700, stack(0x25690000,0x256e0000)]
  0x25149800 JavaThread "Attach Listener" daemon [_thread_blocked, id=4336, stack(0x25600000,0x25650000)]
  0x25147800 JavaThread "Signal Dispatcher" daemon [_thread_blocked, id=8152, stack(0x25570000,0x255c0000)]
  0x2512a800 JavaThread "Finalizer" daemon [_thread_blocked, id=6352, stack(0x253e0000,0x25430000)]
  0x25114c00 JavaThread "Reference Handler" daemon [_thread_blocked, id=4032, stack(0x25350000,0x253a0000)]

Other Threads:
=>0x00ecd800 VMThread [stack: 0x04bb0000,0x04c00000] [id=7244]
  0x25146000 WatcherThread [stack: 0x257b0000,0x25800000] [id=7912]

VM state:at safepoint (normal execution)

VM Mutex/Monitor currently owned by a thread:  ([mutex/lock_event])
[0x009bc0f0] Threads_lock - owner thread: 0x00ecd800
[0x009bbfb8] Heap_lock - owner thread: 0x26c76800

Heap:
 def new generation   total 157248K, used 157248K [0x04c00000, 0x0f6a0000, 0x0f6a0000)
  eden space 139776K, 100% used [0x04c00000, 0x0d480000, 0x0d480000)
  from space 17472K, 100% used [0x0e590000, 0x0f6a0000, 0x0f6a0000)
  to   space 17472K,   0% used [0x0d480000, 0x0d480000, 0x0e590000)
 tenured generation   total 349568K, used 349567K [0x0f6a0000, 0x24c00000, 0x24c00000)
   the space 349568K,  99% used [0x0f6a0000, 0x24bfffb8, 0x20c89c00, 0x24c00000)
 Metaspace       used 24025K, capacity 24514K, committed 24576K, reserved 24960K

Card table byte_map: [0x04aa0000,0x04bb0000] byte_map_base: 0x04a7a000

Polling page: 0x009a0000

CodeCache: size=32768Kb used=1771Kb max_used=6395Kb free=30996Kb
 bounds [0x02a20000, 0x03070000, 0x04a20000]
 total_blobs=1107 nmethods=807 adapters=227
 compilation: enabled

Compilation events (10 events):
Event: 5428.960 Thread 0x2514a800 6275             java.util.Objects::requireNonNull (14 bytes)
Event: 5428.961 Thread 0x2514a800 nmethod 6275 0x02de89c8 code [0x02de8ad0, 0x02de8bac]
Event: 5482.843 Thread 0x2514a800 6276             java.util.TaskQueue::rescheduleMin (16 bytes)
Event: 5482.844 Thread 0x2514a800 nmethod 6276 0x02dae148 code [0x02dae250, 0x02dae31c]
Event: 5513.707 Thread 0x2514a800 6277             java.util.LinkedList::listIterator (15 bytes)
Event: 5513.708 Thread 0x2514a800 nmethod 6277 0x02dadd88 code [0x02dadea0, 0x02dae044]
Event: 5602.869 Thread 0x2514a800 6278             java.util.LinkedList$ListItr::<init> (47 bytes)
Event: 5602.871 Thread 0x2514a800 nmethod 6278 0x02dadb08 code [0x02dadc10, 0x02dadcfc]
Event: 5608.991 Thread 0x2514a800 6279   !         java.util.Collections$SynchronizedCollection::toArray (24 bytes)
Event: 5608.993 Thread 0x2514a800 nmethod 6279 0x02d5c1c8 code [0x02d5c2d0, 0x02d5c4dc]

GC Heap History (10 events):
Event: 191.681 GC heap after
Heap after GC invocations=19 (full 4):
 def new generation   total 157248K, used 0K [0x04c00000, 0x0f6a0000, 0x0f6a0000)
  eden space 139776K,   0% used [0x04c00000, 0x04c00000, 0x0d480000)
  from space 17472K,   0% used [0x0d480000, 0x0d480000, 0x0e590000)
  to   space 17472K,   0% used [0x0e590000, 0x0e590000, 0x0f6a0000)
 tenured generation   total 349568K, used 293432K [0x0f6a0000, 0x24c00000, 0x24c00000)
   the space 349568K,  83% used [0x0f6a0000, 0x2152e038, 0x2152e200, 0x24c00000)
 Metaspace       used 22871K, capacity 23326K, committed 23424K, reserved 23936K
}
Event: 193.282 GC heap before
{Heap before GC invocations=19 (full 4):
 def new generation   total 157248K, used 139776K [0x04c00000, 0x0f6a0000, 0x0f6a0000)
  eden space 139776K, 100% used [0x04c00000, 0x0d480000, 0x0d480000)
  from space 17472K,   0% used [0x0d480000, 0x0d480000, 0x0e590000)
  to   space 17472K,   0% used [0x0e590000, 0x0e590000, 0x0f6a0000)
 tenured generation   total 349568K, used 293432K [0x0f6a0000, 0x24c00000, 0x24c00000)
   the space 349568K,  83% used [0x0f6a0000, 0x2152e038, 0x2152e200, 0x24c00000)
 Metaspace       used 22903K, capacity 23358K, committed 23424K, reserved 23936K
Event: 193.420 GC heap after
Heap after GC invocations=20 (full 4):
 def new generation   total 157248K, used 17472K [0x04c00000, 0x0f6a0000, 0x0f6a0000)
  eden space 139776K,   0% used [0x04c00000, 0x04c00000, 0x0d480000)
  from space 17472K, 100% used [0x0e590000, 0x0f6a0000, 0x0f6a0000)
  to   space 17472K,   0% used [0x0d480000, 0x0d480000, 0x0e590000)
 tenured generation   total 349568K, used 337210K [0x0f6a0000, 0x24c00000, 0x24c00000)
   the space 349568K,  96% used [0x0f6a0000, 0x23fee960, 0x23feea00, 0x24c00000)
 Metaspace       used 22903K, capacity 23358K, committed 23424K, reserved 23936K
}
Event: 195.915 GC heap before
{Heap before GC invocations=20 (full 4):
 def new generation   total 157248K, used 157248K [0x04c00000, 0x0f6a0000, 0x0f6a0000)
  eden space 139776K, 100% used [0x04c00000, 0x0d480000, 0x0d480000)
  from space 17472K, 100% used [0x0e590000, 0x0f6a0000, 0x0f6a0000)
  to   space 17472K,   0% used [0x0d480000, 0x0d480000, 0x0e590000)
 tenured generation   total 349568K, used 337210K [0x0f6a0000, 0x24c00000, 0x24c00000)
   the space 349568K,  96% used [0x0f6a0000, 0x23fee960, 0x23feea00, 0x24c00000)
 Metaspace       used 23705K, capacity 24166K, committed 24192K, reserved 24960K
Event: 196.475 GC heap after
Heap after GC invocations=21 (full 5):
 def new generation   total 157248K, used 56926K [0x04c00000, 0x0f6a0000, 0x0f6a0000)
  eden space 139776K,  40% used [0x04c00000, 0x08397920, 0x0d480000)
  from space 17472K,   0% used [0x0e590000, 0x0e590000, 0x0f6a0000)
  to   space 17472K,   0% used [0x0d480000, 0x0d480000, 0x0e590000)
 tenured generation   total 349568K, used 349469K [0x0f6a0000, 0x24c00000, 0x24c00000)
   the space 349568K,  99% used [0x0f6a0000, 0x24be74d8, 0x24be7600, 0x24c00000)
 Metaspace       used 23705K, capacity 24166K, committed 24192K, reserved 24960K
}
Event: 214.163 GC heap before
{Heap before GC invocations=21 (full 5):
 def new generation   total 157248K, used 156072K [0x04c00000, 0x0f6a0000, 0x0f6a0000)
  eden space 139776K, 100% used [0x04c00000, 0x0d480000, 0x0d480000)
  from space 17472K,  93% used [0x0e590000, 0x0f57a290, 0x0f6a0000)
  to   space 17472K,   0% used [0x0d480000, 0x0d480000, 0x0e590000)
 tenured generation   total 349568K, used 349469K [0x0f6a0000, 0x24c00000, 0x24c00000)
   the space 349568K,  99% used [0x0f6a0000, 0x24be74d8, 0x24be7600, 0x24c00000)
 Metaspace       used 23876K, capacity 24326K, committed 24448K, reserved 24960K
Event: 214.731 GC heap after
Heap after GC invocations=22 (full 6):
 def new generation   total 157248K, used 80210K [0x04c00000, 0x0f6a0000, 0x0f6a0000)
  eden space 139776K,  57% used [0x04c00000, 0x09a548d0, 0x0d480000)
  from space 17472K,   0% used [0x0e590000, 0x0e590000, 0x0f6a0000)
  to   space 17472K,   0% used [0x0d480000, 0x0d480000, 0x0e590000)
 tenured generation   total 349568K, used 349469K [0x0f6a0000, 0x24c00000, 0x24c00000)
   the space 349568K,  99% used [0x0f6a0000, 0x24be74d8, 0x24be7600, 0x24c00000)
 Metaspace       used 23876K, capacity 24326K, committed 24448K, reserved 24960K
}
Event: 619.315 GC heap before
{Heap before GC invocations=22 (full 6):
 def new generation   total 157248K, used 157248K [0x04c00000, 0x0f6a0000, 0x0f6a0000)
  eden space 139776K, 100% used [0x04c00000, 0x0d480000, 0x0d480000)
  from space 17472K, 100% used [0x0e590000, 0x0f6a0000, 0x0f6a0000)
  to   space 17472K,   0% used [0x0d480000, 0x0d480000, 0x0e590000)
 tenured generation   total 349568K, used 349561K [0x0f6a0000, 0x24c00000, 0x24c00000)
   the space 349568K,  99% used [0x0f6a0000, 0x24bfe4b8, 0x24bfe600, 0x24c00000)
 Metaspace       used 24010K, capacity 24482K, committed 24576K, reserved 24960K
Event: 620.840 GC heap after
Heap after GC invocations=23 (full 7):
 def new generation   total 157248K, used 80383K [0x04c00000, 0x0f6a0000, 0x0f6a0000)
  eden space 139776K,  57% used [0x04c00000, 0x09a7fd18, 0x0d480000)
  from space 17472K,   0% used [0x0e590000, 0x0e590000, 0x0f6a0000)
  to   space 17472K,   0% used [0x0d480000, 0x0d480000, 0x0e590000)
 tenured generation   total 349568K, used 349561K [0x0f6a0000, 0x24c00000, 0x24c00000)
   the space 349568K,  99% used [0x0f6a0000, 0x24bfe4b8, 0x24bfe600, 0x24c00000)
 Metaspace       used 24010K, capacity 24482K, committed 24576K, reserved 24960K
}
Event: 5741.132 GC heap before
{Heap before GC invocations=23 (full 7):
 def new generation   total 157248K, used 157248K [0x04c00000, 0x0f6a0000, 0x0f6a0000)
  eden space 139776K, 100% used [0x04c00000, 0x0d480000, 0x0d480000)
  from space 17472K, 100% used [0x0e590000, 0x0f6a0000, 0x0f6a0000)
  to   space 17472K,   0% used [0x0d480000, 0x0d480000, 0x0e590000)
 tenured generation   total 349568K, used 349567K [0x0f6a0000, 0x24c00000, 0x24c00000)
   the space 349568K,  99% used [0x0f6a0000, 0x24bfffb8, 0x24c00000, 0x24c00000)
 Metaspace       used 24025K, capacity 24514K, committed 24576K, reserved 24960K

Deoptimization events (0 events):
No events

Internal exceptions (10 events):
Event: 4875.754 Thread 0x259d2000 Exception <a 'java/net/SocketException': socket closed> (0x0c00cad8) thrown at [C:\workspace\8-2-build-windows-i586-cygwin\jdk8u92\6642\hotspot\src\share\vm\prims\jni.cpp, line 735]
Event: 4881.790 Thread 0x26c35800 Exception <a 'java/net/SocketException': socket closed> (0x0c178c60) thrown at [C:\workspace\8-2-build-windows-i586-cygwin\jdk8u92\6642\hotspot\src\share\vm\prims\jni.cpp, line 735]
Event: 4887.794 Thread 0x26c36400 Exception <a 'java/net/SocketException': socket closed> (0x0d263eb0) thrown at [C:\workspace\8-2-build-windows-i586-cygwin\jdk8u92\6642\hotspot\src\share\vm\prims\jni.cpp, line 735]
Event: 4892.804 Thread 0x26c35000 Exception <a 'java/net/SocketException': socket closed> (0x0c2b2b88) thrown at [C:\workspace\8-2-build-windows-i586-cygwin\jdk8u92\6642\hotspot\src\share\vm\prims\jni.cpp, line 735]
Event: 4898.818 Thread 0x25bd0c00 Exception <a 'java/net/SocketException': socket closed> (0x0c37ef78) thrown at [C:\workspace\8-2-build-windows-i586-cygwin\jdk8u92\6642\hotspot\src\share\vm\prims\jni.cpp, line 735]
Event: 4904.834 Thread 0x25bcf000 Exception <a 'java/net/SocketException': socket closed> (0x0c3f67a8) thrown at [C:\workspace\8-2-build-windows-i586-cygwin\jdk8u92\6642\hotspot\src\share\vm\prims\jni.cpp, line 735]
Event: 4910.849 Thread 0x25bd2400 Exception <a 'java/net/SocketException': socket closed> (0x0c451cc8) thrown at [C:\workspace\8-2-build-windows-i586-cygwin\jdk8u92\6642\hotspot\src\share\vm\prims\jni.cpp, line 735]
Event: 4916.865 Thread 0x25bd3800 Exception <a 'java/net/SocketException': socket closed> (0x0e6711b8) thrown at [C:\workspace\8-2-build-windows-i586-cygwin\jdk8u92\6642\hotspot\src\share\vm\prims\jni.cpp, line 735]
Event: 4922.880 Thread 0x25bd1800 Exception <a 'java/net/SocketException': socket closed> (0x0e675c30) thrown at [C:\workspace\8-2-build-windows-i586-cygwin\jdk8u92\6642\hotspot\src\share\vm\prims\jni.cpp, line 735]
Event: 4928.895 Thread 0x26d1b000 Exception <a 'java/net/SocketException': socket closed> (0x0e676e48) thrown at [C:\workspace\8-2-build-windows-i586-cygwin\jdk8u92\6642\hotspot\src\share\vm\prims\jni.cpp, line 735]

Events (10 events):
Event: 5608.993 Thread 0x2514a800 flushing nmethod 0x02c23d08
Event: 5608.993 Thread 0x2514a800 flushing nmethod 0x02c31e08
Event: 5608.993 Thread 0x2514a800 flushing nmethod 0x02c68d08
Event: 5705.809 Executing VM operation: RevokeBias
Event: 5705.810 Executing VM operation: RevokeBias done
Event: 5705.810 Executing VM operation: RevokeBias
Event: 5705.811 Executing VM operation: RevokeBias done
Event: 5705.811 Executing VM operation: RevokeBias
Event: 5705.811 Executing VM operation: RevokeBias done
Event: 5741.131 Executing VM operation: GenCollectForAllocation


Dynamic libraries:
0x01270000 - 0x012a3000 	F:\Logiciels\Pedagogiques\arduino\java\bin\javaw.exe
0x77d30000 - 0x77e9f000 	C:\Windows\SYSTEM32\ntdll.dll
0x75520000 - 0x75660000 	C:\Windows\SYSTEM32\KERNEL32.DLL
0x77020000 - 0x770f7000 	C:\Windows\SYSTEM32\KERNELBASE.dll
0x6c060000 - 0x6c100000 	C:\Windows\system32\apphelp.dll
0x78eb0000 - 0x79116000 	C:\Windows\AppPatch\AcGenral.DLL
0x77450000 - 0x77513000 	C:\Windows\SYSTEM32\msvcrt.dll
0x772a0000 - 0x772e1000 	C:\Windows\SYSTEM32\sechost.dll
0x77100000 - 0x7711e000 	C:\Windows\SYSTEM32\SspiCli.dll
0x77810000 - 0x77855000 	C:\Windows\SYSTEM32\SHLWAPI.dll
0x72820000 - 0x7290d000 	C:\Windows\SYSTEM32\UxTheme.dll
0x76a00000 - 0x76b53000 	C:\Windows\SYSTEM32\USER32.dll
0x77b50000 - 0x77c5f000 	C:\Windows\SYSTEM32\GDI32.dll
0x75300000 - 0x75323000 	C:\Windows\SYSTEM32\WINMM.dll
0x74480000 - 0x74493000 	C:\Windows\SYSTEM32\samcli.dll
0x77860000 - 0x77989000 	C:\Windows\SYSTEM32\ole32.dll
0x76f80000 - 0x77017000 	C:\Windows\SYSTEM32\OLEAUT32.dll
0x66850000 - 0x66867000 	C:\Windows\SYSTEM32\MSACM32.dll
0x752d0000 - 0x752d8000 	C:\Windows\SYSTEM32\VERSION.dll
0x75740000 - 0x769fb000 	C:\Windows\SYSTEM32\SHELL32.dll
0x75490000 - 0x754ab000 	C:\Windows\SYSTEM32\USERENV.dll
0x6cd30000 - 0x6cd4a000 	C:\Windows\SYSTEM32\dwmapi.dll
0x75330000 - 0x7547b000 	C:\Windows\SYSTEM32\urlmon.dll
0x773d0000 - 0x7744c000 	C:\Windows\SYSTEM32\ADVAPI32.dll
0x74980000 - 0x749e5000 	C:\Windows\SYSTEM32\WINSPOOL.DRV
0x74300000 - 0x74316000 	C:\Windows\SYSTEM32\MPR.dll
0x76b60000 - 0x76c1a000 	C:\Windows\SYSTEM32\RPCRT4.dll
0x75510000 - 0x7551a000 	C:\Windows\SYSTEM32\CRYPTBASE.dll
0x77120000 - 0x7729d000 	C:\Windows\SYSTEM32\combase.dll
0x74dd0000 - 0x74df3000 	C:\Windows\SYSTEM32\WINMMBASE.dll
0x75040000 - 0x7504f000 	C:\Windows\SYSTEM32\profapi.dll
0x74e00000 - 0x75034000 	C:\Windows\SYSTEM32\iertutil.dll
0x75070000 - 0x752cc000 	C:\Windows\SYSTEM32\WININET.dll
0x754b0000 - 0x75504000 	C:\Windows\SYSTEM32\bcryptPrimitives.dll
0x75660000 - 0x7569c000 	C:\Windows\SYSTEM32\cfgmgr32.dll
0x74d40000 - 0x74d61000 	C:\Windows\SYSTEM32\DEVOBJ.dll
0x74ba0000 - 0x74c2b000 	C:\Windows\SYSTEM32\SHCORE.DLL
0x776a0000 - 0x776c7000 	C:\Windows\system32\IMM32.DLL
0x776d0000 - 0x777e2000 	C:\Windows\SYSTEM32\MSCTF.dll
0x64620000 - 0x64826000 	C:\Windows\WinSxS\x86_microsoft.windows.common-controls_6595b64144ccf1df_6.0.9600.18006_none_a9ec6aab013aafee\COMCTL32.dll
0x72a50000 - 0x72a78000 	C:\Windows\SYSTEM32\ntmarta.dll
0x789f0000 - 0x78aaf000 	F:\Logiciels\Pedagogiques\arduino\java\bin\msvcr100.dll
0x00a00000 - 0x00dcb000 	F:\Logiciels\Pedagogiques\arduino\java\bin\client\jvm.dll
0x69670000 - 0x69678000 	C:\Windows\SYSTEM32\WSOCK32.dll
0x76c70000 - 0x76c76000 	C:\Windows\SYSTEM32\PSAPI.DLL
0x76c20000 - 0x76c6f000 	C:\Windows\SYSTEM32\WS2_32.dll
0x777f0000 - 0x777f7000 	C:\Windows\SYSTEM32\NSI.dll
0x6f5f0000 - 0x6f621000 	F:\Logiciels\Pedagogiques\arduino\java\bin\splashscreen.dll
0x5b8a0000 - 0x5ba1b000 	C:\Program Files (x86)\360\Total Security\safemon\safemon.dll
0x75050000 - 0x75063000 	C:\Windows\SYSTEM32\NETAPI32.dll
0x74db0000 - 0x74dba000 	C:\Windows\SYSTEM32\netutils.dll
0x74d90000 - 0x74dad000 	C:\Windows\SYSTEM32\srvcli.dll
0x74d70000 - 0x74d81000 	C:\Windows\SYSTEM32\wkscli.dll
0x74370000 - 0x74379000 	C:\Windows\SYSTEM32\kernel.appcore.dll
0x6feb0000 - 0x6febc000 	F:\Logiciels\Pedagogiques\arduino\java\bin\verify.dll
0x63350000 - 0x633a0000 	C:\Windows\SYSTEM32\oleacc.dll
0x6d4b0000 - 0x6d4d1000 	F:\Logiciels\Pedagogiques\arduino\java\bin\java.dll
0x6f900000 - 0x6f913000 	F:\Logiciels\Pedagogiques\arduino\java\bin\zip.dll
0x775d0000 - 0x7765d000 	C:\Windows\SYSTEM32\clbcatq.dll
0x6c180000 - 0x6c2c5000 	F:\Logiciels\Pedagogiques\arduino\java\bin\awt.dll
0x61740000 - 0x6176c000 	F:\Logiciels\Pedagogiques\arduino\lib\listSerialsj.dll
0x77990000 - 0x77b41000 	C:\Windows\SYSTEM32\SETUPAPI.dll
0x72800000 - 0x72819000 	C:\Windows\SYSTEM32\CRYPTSP.dll
0x727d0000 - 0x72800000 	C:\Windows\system32\rsaenh.dll
0x727b0000 - 0x727ce000 	C:\Windows\SYSTEM32\bcrypt.dll
0x6f2f0000 - 0x6f306000 	F:\Logiciels\Pedagogiques\arduino\java\bin\net.dll
0x742a0000 - 0x742eb000 	C:\Windows\system32\mswsock.dll
0x752e0000 - 0x75300000 	C:\Windows\SYSTEM32\IPHLPAPI.DLL
0x74dc0000 - 0x74dc8000 	C:\Windows\SYSTEM32\WINNSI.DLL
0x74350000 - 0x74363000 	C:\Windows\SYSTEM32\dhcpcsvc6.DLL
0x746d0000 - 0x746e4000 	C:\Windows\SYSTEM32\dhcpcsvc.DLL
0x6f5c0000 - 0x6f5cf000 	F:\Logiciels\Pedagogiques\arduino\java\bin\nio.dll
0x26080000 - 0x260bd000 	K:\TEMP\jna-93492085\jna2806396443858892261.dll
0x6d180000 - 0x6d1b9000 	F:\Logiciels\Pedagogiques\arduino\java\bin\fontmanager.dll
0x6fe60000 - 0x6fe92000 	F:\Logiciels\Pedagogiques\arduino\java\bin\t2k.dll
0x745f0000 - 0x7466e000 	C:\Windows\SYSTEM32\DNSAPI.dll
0x74270000 - 0x74291000 	C:\Program Files (x86)\Bonjour\mdnsNSP.dll
0x72550000 - 0x72558000 	C:\Windows\System32\rasadhlp.dll
0x72310000 - 0x72356000 	C:\Windows\System32\fwpuclnt.dll
0x77660000 - 0x7769d000 	C:\Windows\SYSTEM32\WINTRUST.dll
0x76c80000 - 0x76e08000 	C:\Windows\SYSTEM32\CRYPT32.dll
0x77350000 - 0x7735e000 	C:\Windows\SYSTEM32\MSASN1.dll
0x77f90000 - 0x77ff9000 	F:\Logiciels\Pedagogiques\arduino\msvcp100.dll
0x788e0000 - 0x7899e000 	F:\Logiciels\Pedagogiques\arduino\msvcr100.dll
0x28390000 - 0x283c2000 	F:\Logiciels\Pedagogiques\arduino\lib\AStylej.dll
0x77f60000 - 0x77f86000 	F:\Logiciels\Pedagogiques\arduino\java\bin\jpeg.dll
0x77f20000 - 0x77f44000 	F:\Logiciels\Pedagogiques\arduino\java\bin\dcpr.dll
0x729c0000 - 0x72a49000 	C:\Windows\WinSxS\x86_microsoft.windows.common-controls_6595b64144ccf1df_5.82.9600.17810_none_7c5b6194aa0716f1\comctl32.dll
0x73f80000 - 0x740ba000 	C:\Windows\system32\propsys.dll
0x294a0000 - 0x2963a000 	C:\Windows\system32\NetworkExplorer.dll
0x644b0000 - 0x6461b000 	C:\Windows\SYSTEM32\WindowsCodecs.dll
0x636c0000 - 0x636e3000 	C:\Windows\SYSTEM32\thumbcache.dll
0x60b60000 - 0x60b69000 	C:\Windows\System32\drprov.dll
0x74840000 - 0x74885000 	C:\Windows\System32\WINSTA.dll
0x77f00000 - 0x77f12000 	C:\Windows\System32\ntlanman.dll
0x77ee0000 - 0x77efa000 	C:\Windows\System32\davclnt.dll
0x60b50000 - 0x60b5a000 	C:\Windows\System32\DAVHLPR.dll
0x72910000 - 0x7291f000 	C:\Windows\SYSTEM32\cscapi.dll
0x2a5a0000 - 0x2a60e000 	C:\Windows\SYSTEM32\dlnashext.dll
0x77ea0000 - 0x77eba000 	C:\Windows\System32\DevDispItemProvider.dll
0x3ffd0000 - 0x401b6000 	C:\Windows\system32\wpdshext.dll
0x73480000 - 0x735f0000 	C:\Windows\WinSxS\x86_microsoft.windows.gdiplus_6595b64144ccf1df_1.1.9600.18470_none_dadee7b65bc6429b\gdiplus.dll
0x2a8a0000 - 0x2a930000 	C:\Windows\SYSTEM32\PortableDeviceApi.dll
0x2a930000 - 0x2a95d000 	C:\Windows\SYSTEM32\PortableDeviceTypes.dll
0x3fbd0000 - 0x3fc10000 	C:\Windows\system32\audiodev.dll
0x2a960000 - 0x2abf1000 	C:\Windows\system32\WMVCore.DLL
0x2ac00000 - 0x2ac3d000 	C:\Windows\system32\WMASF.DLL
0x74320000 - 0x7432b000 	C:\Windows\SYSTEM32\LINKINFO.dll
0x642d0000 - 0x644a6000 	C:\Program Files\Microsoft Office\root\VFS\ProgramFilesX86\Microsoft Office\Office16\GROOVEEX.DLL
0x6de70000 - 0x6de85000 	C:\Windows\SYSTEM32\VCRUNTIME140.dll
0x64260000 - 0x642ce000 	C:\Windows\SYSTEM32\MSVCP140.dll
0x6de50000 - 0x6de53000 	C:\Windows\SYSTEM32\api-ms-win-crt-heap-l1-1-0.dll
0x6de60000 - 0x6de64000 	C:\Windows\SYSTEM32\api-ms-win-crt-stdio-l1-1-0.dll
0x6dd40000 - 0x6dd44000 	C:\Windows\SYSTEM32\api-ms-win-crt-string-l1-1-0.dll
0x6dd30000 - 0x6dd34000 	C:\Windows\SYSTEM32\api-ms-win-crt-runtime-l1-1-0.dll
0x6dd50000 - 0x6dd54000 	C:\Windows\SYSTEM32\api-ms-win-crt-convert-l1-1-0.dll
0x6dd10000 - 0x6dd13000 	C:\Windows\SYSTEM32\api-ms-win-crt-locale-l1-1-0.dll
0x6dd70000 - 0x6dd73000 	C:\Windows\SYSTEM32\api-ms-win-crt-utility-l1-1-0.dll
0x6dd60000 - 0x6dd63000 	C:\Windows\SYSTEM32\api-ms-win-crt-time-l1-1-0.dll
0x6dd20000 - 0x6dd25000 	C:\Windows\SYSTEM32\api-ms-win-crt-math-l1-1-0.dll
0x6dcf0000 - 0x6dcf3000 	C:\Windows\SYSTEM32\api-ms-win-crt-filesystem-l1-1-0.dll
0x6dd00000 - 0x6dd05000 	C:\Windows\SYSTEM32\api-ms-win-crt-multibyte-l1-1-0.dll
0x64250000 - 0x64253000 	C:\Windows\SYSTEM32\api-ms-win-crt-environment-l1-1-0.dll
0x6daf0000 - 0x6dbd1000 	C:\Windows\SYSTEM32\ucrtbase.DLL
0x73100000 - 0x73476000 	C:\Windows\SYSTEM32\msi.dll
0x637a0000 - 0x64031000 	C:\Program Files\Microsoft Office\root\VFS\ProgramFilesX86\Microsoft Office\Office16\1036\GrooveIntlResource.dll
0x74330000 - 0x74344000 	C:\Windows\SYSTEM32\SAMLIB.dll
0x63530000 - 0x635ad000 	C:\Program Files (x86)\Common Files\microsoft shared\ink\tiptsf.dll

VM Arguments:
jvm_args: -Dsun.java2d.d3d=false -Djna.nosys=true -DAPP_DIR=F:\Logiciels\Pedagogiques\arduino -Xms128M -Xmx512M 
java_command: processing.app.Base
java_class_path (initial): F:\Logiciels\Pedagogiques\arduino\lib\apple.jar;F:\Logiciels\Pedagogiques\arduino\lib\arduino-core.jar;F:\Logiciels\Pedagogiques\arduino\lib\batik-1.8.jar;F:\Logiciels\Pedagogiques\arduino\lib\batik-anim-1.8.jar;F:\Logiciels\Pedagogiques\arduino\lib\batik-awt-util-1.8.jar;F:\Logiciels\Pedagogiques\arduino\lib\batik-bridge-1.8.jar;F:\Logiciels\Pedagogiques\arduino\lib\batik-codec-1.8.jar;F:\Logiciels\Pedagogiques\arduino\lib\batik-css-1.8.jar;F:\Logiciels\Pedagogiques\arduino\lib\batik-dom-1.8.jar;F:\Logiciels\Pedagogiques\arduino\lib\batik-ext-1.8.jar;F:\Logiciels\Pedagogiques\arduino\lib\batik-gvt-1.8.jar;F:\Logiciels\Pedagogiques\arduino\lib\batik-parser-1.8.jar;F:\Logiciels\Pedagogiques\arduino\lib\batik-rasterizer-1.8.jar;F:\Logiciels\Pedagogiques\arduino\lib\batik-script-1.8.jar;F:\Logiciels\Pedagogiques\arduino\lib\batik-squiggle-1.8.jar;F:\Logiciels\Pedagogiques\arduino\lib\batik-svg-dom-1.8.jar;F:\Logiciels\Pedagogiques\arduino\lib\batik-svgpp-1.8.jar;F:\Logiciels\Pedagogiques\arduino\lib\batik-transcoder-1.8.jar;F:\Logiciels\Pedagogiques\arduino\lib\batik-util-1.8.jar;F:\Logiciels\Pedagogiques\arduino\lib\batik-xml-1.8.jar;F:\Logiciels\Pedagogiques\arduino\lib\bcpg-jdk15on-152.jar;F:\Logiciels\Pedagogiques\arduino\lib\bcprov-jdk15on-152.jar;F:\Logiciels\Pedagogiques\arduino\lib\commons-codec-1.7.jar;F:\Logiciels\Pedagogiques\arduino\lib\commons-compress-1.8.jar;F:\Logiciels\Pedagogiques\arduino\lib\commons-exec-1.1.jar;F:\Logiciels\Pedagogiques\arduino\lib\commons-httpclient-3.1.jar;F:\Logiciels\Pedagogiques\arduino\lib\commons-lang3-3.3.2.jar;F:\Logiciels\Pedagogiques\arduino\lib\commons-logging-1.0.4.jar;F:\Logiciels\Pedagogiques\arduino\lib\commons-net-3.3.jar;F:\Logiciels\Pedagogiques\arduino\lib\jackson-annotations-2.6.3.jar;F:\Logiciels\Pedagogiques\arduino\lib\jackson-core-2.6.3.jar;F:\Logiciels\Pedagogiques\arduino\lib\jackson-databind-2.6.3.jar;F:\Logiciels\Pedagogiques\arduino\lib\jackson-module-mrbean-2.6.3.jar;F:\Log
Launcher Type: SUN_STANDARD

Environment Variables:
JAVA_HOME=C:\Program Files\Java\jdk1.8.0_112
PATH=C:\Program Files (x86)\NVIDIA Corporation\PhysX\Common;C:\Windows\Microsoft.NET\Framework\v1.1.4322\;C:\Program Files (x86)\Borland\BDS\4.0\Bin;C:\ProgramData\Oracle\Java\javapath;C:\Windows\system32;C:\Windows;C:\Windows\System32\Wbem;C:\Windows\System32\WindowsPowerShell\v1.0\;C:\Program Files (x86)\GtkSharp\2.12\bin;C:\Program Files (x86)\Git\cmd;C:\Program Files (x86)\Common Files\Acronis\VirtualFile\;C:\Program Files (x86)\Common Files\Acronis\VirtualFile64\;C:\Program Files (x86)\Common Files\Acronis\SnapAPI\;F:\ZZZzzz\Projets Borland Studio\Bpl;F:\Logiciels\Pedagogiques\arduino\java\bin
USERNAME=babas
OS=Windows_NT
PROCESSOR_IDENTIFIER=Intel64 Family 6 Model 69 Stepping 1, GenuineIntel



---------------  S Y S T E M  ---------------

OS: Windows 8.1 , 64 bit Build 9600 (6.3.9600.17415)

CPU:total 4 (2 cores per cpu, 2 threads per core) family 6 model 69 stepping 1, cmov, cx8, fxsr, mmx, sse, sse2, sse3, ssse3, sse4.1, sse4.2, popcnt, avx, avx2, aes, clmul, erms, lzcnt, ht, tsc, tscinvbit, bmi1, bmi2

Memory: 4k page, physical 3616224k(197956k free), swap 6815736k(1460860k free)

vm_info: Java HotSpot(TM) Client VM (25.92-b14) for windows-x86 JRE (1.8.0_92-b14), built on Mar 31 2016 21:09:21 by "java_re" with MS VC++ 10.0 (VS2010)

time: Fri Nov 11 21:21:23 2016
elapsed time: 5745 seconds (0d 1h 35m 45s)

