{
  "commands" : {
    "response" : 0,
    "redeem" : 0,
    "hardwareConnected" : 0,
    "register" : 0,
    "login" : 0,
    "loadProfile" : 0,
    "appSync" : 0,
    "sharing" : 0,
    "getToken" : 0,
    "ping" : 0,
    "activate" : 0,
    "deactivate" : 0,
    "refreshToken" : 0,
    "getGraphData" : 0,
    "exportGraphData" : 0,
    "setWidgetProperty" : 0,
    "bridge" : 0,
    "hardware" : 0,
    "getSharedDash" : 0,
    "getShareToken" : 0,
    "refreshShareToken" : 0,
    "shareLogin" : 0,
    "createProject" : 0,
    "updateProject" : 0,
    "deleteProject" : 0,
    "hardwareSync" : 0,
    "internal" : 0,
    "sms" : 0,
    "tweet" : 0,
    "email" : 0,
    "push" : 0,
    "addPushToken" : 0,
    "createWidget" : 0,
    "updateWidget" : 0,
    "deleteWidget" : 0,
    "createDevice" : 0,
    "updateDevice" : 0,
    "deleteDevice" : 0,
    "getDevices" : 0,
    "createTag" : 0,
    "updateTag" : 0,
    "deleteTag" : 0,
    "getTags" : 0,
    "addEnergy" : 0,
    "getEnergy" : 0,
    "getServer" : 0,
    "connectRedirect" : 0,
    "webSockets" : 0,
    "eventor" : 0,
    "webhooks" : 0,
    "appTotal" : 0,
    "mqttTotal" : 0
  },
  "http" : {
    "isHardwareConnected" : 0,
    "isAppConnected" : 0,
    "getPinData" : 0,
    "updatePinData" : 0,
    "email" : 0,
    "notify" : 0,
    "getProject" : 0,
    "qr" : 0,
    "getHistoryPinData" : 0,
    "total" : 0
  },
  "ioStat" : {
    "messagingActiveTasks" : 0,
    "messagingExecutedTasks" : 0,
    "historyActiveTasks" : 0,
    "historyExecutedTasks" : 0,
    "dbActiveTasks" : 0,
    "dbExecutedTasks" : 0,
    "getServerActiveTasks" : 0,
    "getServerExecutedTasks" : 0
  },
  "memoryStat" : {
    "heapBytes" : 0,
    "directBytes" : 0
  },
  "oneMinRate" : 0,
  "registrations" : 1,
  "active" : 0,
  "activeWeek" : 0,
  "activeMonth" : 0,
  "connected" : 0,
  "onlineApps" : 0,
  "totalOnlineApps" : 0,
  "onlineHards" : 0,
  "totalOnlineHards" : 0
}
{
  "commands" : {
    "response" : 0,
    "redeem" : 0,
    "hardwareConnected" : 0,
    "register" : 0,
    "login" : 0,
    "loadProfile" : 0,
    "appSync" : 0,
    "sharing" : 0,
    "getToken" : 0,
    "ping" : 0,
    "activate" : 0,
    "deactivate" : 0,
    "refreshToken" : 0,
    "getGraphData" : 0,
    "exportGraphData" : 0,
    "setWidgetProperty" : 0,
    "bridge" : 0,
    "hardware" : 0,
    "getSharedDash" : 0,
    "getShareToken" : 0,
    "refreshShareToken" : 0,
    "shareLogin" : 0,
    "createProject" : 0,
    "updateProject" : 0,
    "deleteProject" : 0,
    "hardwareSync" : 0,
    "internal" : 0,
    "sms" : 0,
    "tweet" : 0,
    "email" : 0,
    "push" : 0,
    "addPushToken" : 0,
    "createWidget" : 0,
    "updateWidget" : 0,
    "deleteWidget" : 0,
    "createDevice" : 0,
    "updateDevice" : 0,
    "deleteDevice" : 0,
    "getDevices" : 0,
    "createTag" : 0,
    "updateTag" : 0,
    "deleteTag" : 0,
    "getTags" : 0,
    "addEnergy" : 0,
    "getEnergy" : 0,
    "getServer" : 0,
    "connectRedirect" : 0,
    "webSockets" : 0,
    "eventor" : 0,
    "webhooks" : 0,
    "appTotal" : 0,
    "mqttTotal" : 0
  },
  "http" : {
    "isHardwareConnected" : 0,
    "isAppConnected" : 0,
    "getPinData" : 0,
    "updatePinData" : 0,
    "email" : 0,
    "notify" : 0,
    "getProject" : 0,
    "qr" : 0,
    "getHistoryPinData" : 0,
    "total" : 0
  },
  "ioStat" : {
    "messagingActiveTasks" : 0,
    "messagingExecutedTasks" : 0,
    "historyActiveTasks" : 0,
    "historyExecutedTasks" : 0,
    "dbActiveTasks" : 0,
    "dbExecutedTasks" : 0,
    "getServerActiveTasks" : 0,
    "getServerExecutedTasks" : 0
  },
  "memoryStat" : {
    "heapBytes" : 0,
    "directBytes" : 0
  },
  "oneMinRate" : 0,
  "registrations" : 1,
  "active" : 0,
  "activeWeek" : 0,
  "activeMonth" : 0,
  "connected" : 0,
  "onlineApps" : 0,
  "totalOnlineApps" : 0,
  "onlineHards" : 0,
  "totalOnlineHards" : 0
}
{
  "commands" : {
    "response" : 0,
    "redeem" : 0,
    "hardwareConnected" : 0,
    "register" : 0,
    "login" : 0,
    "loadProfile" : 0,
    "appSync" : 0,
    "sharing" : 0,
    "getToken" : 0,
    "ping" : 0,
    "activate" : 0,
    "deactivate" : 0,
    "refreshToken" : 0,
    "getGraphData" : 0,
    "exportGraphData" : 0,
    "setWidgetProperty" : 0,
    "bridge" : 0,
    "hardware" : 0,
    "getSharedDash" : 0,
    "getShareToken" : 0,
    "refreshShareToken" : 0,
    "shareLogin" : 0,
    "createProject" : 0,
    "updateProject" : 0,
    "deleteProject" : 0,
    "hardwareSync" : 0,
    "internal" : 0,
    "sms" : 0,
    "tweet" : 0,
    "email" : 0,
    "push" : 0,
    "addPushToken" : 0,
    "createWidget" : 0,
    "updateWidget" : 0,
    "deleteWidget" : 0,
    "createDevice" : 0,
    "updateDevice" : 0,
    "deleteDevice" : 0,
    "getDevices" : 0,
    "createTag" : 0,
    "updateTag" : 0,
    "deleteTag" : 0,
    "getTags" : 0,
    "addEnergy" : 0,
    "getEnergy" : 0,
    "getServer" : 0,
    "connectRedirect" : 0,
    "webSockets" : 0,
    "eventor" : 0,
    "webhooks" : 0,
    "appTotal" : 0,
    "mqttTotal" : 0
  },
  "http" : {
    "isHardwareConnected" : 0,
    "isAppConnected" : 0,
    "getPinData" : 0,
    "updatePinData" : 0,
    "email" : 0,
    "notify" : 0,
    "getProject" : 0,
    "qr" : 0,
    "getHistoryPinData" : 0,
    "total" : 0
  },
  "ioStat" : {
    "messagingActiveTasks" : 0,
    "messagingExecutedTasks" : 0,
    "historyActiveTasks" : 0,
    "historyExecutedTasks" : 0,
    "dbActiveTasks" : 0,
    "dbExecutedTasks" : 0,
    "getServerActiveTasks" : 0,
    "getServerExecutedTasks" : 0
  },
  "memoryStat" : {
    "heapBytes" : 0,
    "directBytes" : 33554432
  },
  "oneMinRate" : 0,
  "registrations" : 1,
  "active" : 0,
  "activeWeek" : 0,
  "activeMonth" : 0,
  "connected" : 0,
  "onlineApps" : 0,
  "totalOnlineApps" : 0,
  "onlineHards" : 0,
  "totalOnlineHards" : 0
}
{
  "commands" : {
    "response" : 0,
    "redeem" : 0,
    "hardwareConnected" : 0,
    "register" : 0,
    "login" : 0,
    "loadProfile" : 0,
    "appSync" : 0,
    "sharing" : 0,
    "getToken" : 0,
    "ping" : 0,
    "activate" : 0,
    "deactivate" : 0,
    "refreshToken" : 0,
    "getGraphData" : 0,
    "exportGraphData" : 0,
    "setWidgetProperty" : 0,
    "bridge" : 0,
    "hardware" : 0,
    "getSharedDash" : 0,
    "getShareToken" : 0,
    "refreshShareToken" : 0,
    "shareLogin" : 0,
    "createProject" : 0,
    "updateProject" : 0,
    "deleteProject" : 0,
    "hardwareSync" : 0,
    "internal" : 0,
    "sms" : 0,
    "tweet" : 0,
    "email" : 0,
    "push" : 0,
    "addPushToken" : 0,
    "createWidget" : 0,
    "updateWidget" : 0,
    "deleteWidget" : 0,
    "createDevice" : 0,
    "updateDevice" : 0,
    "deleteDevice" : 0,
    "getDevices" : 0,
    "createTag" : 0,
    "updateTag" : 0,
    "deleteTag" : 0,
    "getTags" : 0,
    "addEnergy" : 0,
    "getEnergy" : 0,
    "getServer" : 0,
    "connectRedirect" : 0,
    "webSockets" : 0,
    "eventor" : 0,
    "webhooks" : 0,
    "appTotal" : 0,
    "mqttTotal" : 0
  },
  "http" : {
    "isHardwareConnected" : 0,
    "isAppConnected" : 0,
    "getPinData" : 0,
    "updatePinData" : 0,
    "email" : 0,
    "notify" : 0,
    "getProject" : 0,
    "qr" : 0,
    "getHistoryPinData" : 0,
    "total" : 12
  },
  "ioStat" : {
    "messagingActiveTasks" : 0,
    "messagingExecutedTasks" : 0,
    "historyActiveTasks" : 0,
    "historyExecutedTasks" : 0,
    "dbActiveTasks" : 0,
    "dbExecutedTasks" : 0,
    "getServerActiveTasks" : 0,
    "getServerExecutedTasks" : 0
  },
  "memoryStat" : {
    "heapBytes" : 33554432,
    "directBytes" : 33554432
  },
  "oneMinRate" : 0,
  "registrations" : 1,
  "active" : 0,
  "activeWeek" : 0,
  "activeMonth" : 0,
  "connected" : 0,
  "onlineApps" : 0,
  "totalOnlineApps" : 0,
  "onlineHards" : 0,
  "totalOnlineHards" : 0
}
{
  "commands" : {
    "response" : 0,
    "redeem" : 0,
    "hardwareConnected" : 0,
    "register" : 0,
    "login" : 0,
    "loadProfile" : 0,
    "appSync" : 0,
    "sharing" : 0,
    "getToken" : 0,
    "ping" : 0,
    "activate" : 0,
    "deactivate" : 0,
    "refreshToken" : 0,
    "getGraphData" : 0,
    "exportGraphData" : 0,
    "setWidgetProperty" : 0,
    "bridge" : 0,
    "hardware" : 0,
    "getSharedDash" : 0,
    "getShareToken" : 0,
    "refreshShareToken" : 0,
    "shareLogin" : 0,
    "createProject" : 0,
    "updateProject" : 0,
    "deleteProject" : 0,
    "hardwareSync" : 0,
    "internal" : 0,
    "sms" : 0,
    "tweet" : 0,
    "email" : 0,
    "push" : 0,
    "addPushToken" : 0,
    "createWidget" : 0,
    "updateWidget" : 0,
    "deleteWidget" : 0,
    "createDevice" : 0,
    "updateDevice" : 0,
    "deleteDevice" : 0,
    "getDevices" : 0,
    "createTag" : 0,
    "updateTag" : 0,
    "deleteTag" : 0,
    "getTags" : 0,
    "addEnergy" : 0,
    "getEnergy" : 0,
    "getServer" : 0,
    "connectRedirect" : 0,
    "webSockets" : 0,
    "eventor" : 0,
    "webhooks" : 0,
    "appTotal" : 0,
    "mqttTotal" : 0
  },
  "http" : {
    "isHardwareConnected" : 0,
    "isAppConnected" : 0,
    "getPinData" : 0,
    "updatePinData" : 0,
    "email" : 0,
    "notify" : 0,
    "getProject" : 0,
    "qr" : 0,
    "getHistoryPinData" : 0,
    "total" : 0
  },
  "ioStat" : {
    "messagingActiveTasks" : 0,
    "messagingExecutedTasks" : 0,
    "historyActiveTasks" : 0,
    "historyExecutedTasks" : 0,
    "dbActiveTasks" : 0,
    "dbExecutedTasks" : 0,
    "getServerActiveTasks" : 0,
    "getServerExecutedTasks" : 0
  },
  "memoryStat" : {
    "heapBytes" : 0,
    "directBytes" : 0
  },
  "oneMinRate" : 0,
  "registrations" : 1,
  "active" : 0,
  "activeWeek" : 0,
  "activeMonth" : 0,
  "connected" : 0,
  "onlineApps" : 0,
  "totalOnlineApps" : 0,
  "onlineHards" : 0,
  "totalOnlineHards" : 0
}
{
  "commands" : {
    "response" : 0,
    "redeem" : 0,
    "hardwareConnected" : 0,
    "register" : 0,
    "login" : 0,
    "loadProfile" : 0,
    "appSync" : 0,
    "sharing" : 0,
    "getToken" : 0,
    "ping" : 0,
    "activate" : 0,
    "deactivate" : 0,
    "refreshToken" : 0,
    "getGraphData" : 0,
    "exportGraphData" : 0,
    "setWidgetProperty" : 0,
    "bridge" : 0,
    "hardware" : 0,
    "getSharedDash" : 0,
    "getShareToken" : 0,
    "refreshShareToken" : 0,
    "shareLogin" : 0,
    "createProject" : 0,
    "updateProject" : 0,
    "deleteProject" : 0,
    "hardwareSync" : 0,
    "internal" : 0,
    "sms" : 0,
    "tweet" : 0,
    "email" : 0,
    "push" : 0,
    "addPushToken" : 0,
    "createWidget" : 0,
    "updateWidget" : 0,
    "deleteWidget" : 0,
    "createDevice" : 0,
    "updateDevice" : 0,
    "deleteDevice" : 0,
    "getDevices" : 0,
    "createTag" : 0,
    "updateTag" : 0,
    "deleteTag" : 0,
    "getTags" : 0,
    "addEnergy" : 0,
    "getEnergy" : 0,
    "getServer" : 0,
    "connectRedirect" : 0,
    "webSockets" : 0,
    "eventor" : 0,
    "webhooks" : 0,
    "appTotal" : 0,
    "mqttTotal" : 0
  },
  "http" : {
    "isHardwareConnected" : 0,
    "isAppConnected" : 0,
    "getPinData" : 0,
    "updatePinData" : 0,
    "email" : 0,
    "notify" : 0,
    "getProject" : 0,
    "qr" : 0,
    "getHistoryPinData" : 0,
    "total" : 0
  },
  "ioStat" : {
    "messagingActiveTasks" : 0,
    "messagingExecutedTasks" : 0,
    "historyActiveTasks" : 0,
    "historyExecutedTasks" : 0,
    "dbActiveTasks" : 0,
    "dbExecutedTasks" : 0,
    "getServerActiveTasks" : 0,
    "getServerExecutedTasks" : 0
  },
  "memoryStat" : {
    "heapBytes" : 0,
    "directBytes" : 0
  },
  "oneMinRate" : 0,
  "registrations" : 1,
  "active" : 0,
  "activeWeek" : 0,
  "activeMonth" : 0,
  "connected" : 0,
  "onlineApps" : 0,
  "totalOnlineApps" : 0,
  "onlineHards" : 0,
  "totalOnlineHards" : 0
}
{
  "commands" : {
    "response" : 0,
    "redeem" : 0,
    "hardwareConnected" : 0,
    "register" : 0,
    "login" : 0,
    "loadProfile" : 0,
    "appSync" : 0,
    "sharing" : 0,
    "getToken" : 0,
    "ping" : 0,
    "activate" : 0,
    "deactivate" : 0,
    "refreshToken" : 0,
    "getGraphData" : 0,
    "exportGraphData" : 0,
    "setWidgetProperty" : 0,
    "bridge" : 0,
    "hardware" : 0,
    "getSharedDash" : 0,
    "getShareToken" : 0,
    "refreshShareToken" : 0,
    "shareLogin" : 0,
    "createProject" : 0,
    "updateProject" : 0,
    "deleteProject" : 0,
    "hardwareSync" : 0,
    "internal" : 0,
    "sms" : 0,
    "tweet" : 0,
    "email" : 0,
    "push" : 0,
    "addPushToken" : 0,
    "createWidget" : 0,
    "updateWidget" : 0,
    "deleteWidget" : 0,
    "createDevice" : 0,
    "updateDevice" : 0,
    "deleteDevice" : 0,
    "getDevices" : 0,
    "createTag" : 0,
    "updateTag" : 0,
    "deleteTag" : 0,
    "getTags" : 0,
    "addEnergy" : 0,
    "getEnergy" : 0,
    "getServer" : 0,
    "connectRedirect" : 0,
    "webSockets" : 0,
    "eventor" : 0,
    "webhooks" : 0,
    "appTotal" : 0,
    "mqttTotal" : 0
  },
  "http" : {
    "isHardwareConnected" : 0,
    "isAppConnected" : 0,
    "getPinData" : 0,
    "updatePinData" : 0,
    "email" : 0,
    "notify" : 0,
    "getProject" : 0,
    "qr" : 0,
    "getHistoryPinData" : 0,
    "total" : 0
  },
  "ioStat" : {
    "messagingActiveTasks" : 0,
    "messagingExecutedTasks" : 0,
    "historyActiveTasks" : 0,
    "historyExecutedTasks" : 0,
    "dbActiveTasks" : 0,
    "dbExecutedTasks" : 0,
    "getServerActiveTasks" : 0,
    "getServerExecutedTasks" : 0
  },
  "memoryStat" : {
    "heapBytes" : 0,
    "directBytes" : 0
  },
  "oneMinRate" : 0,
  "registrations" : 1,
  "active" : 0,
  "activeWeek" : 0,
  "activeMonth" : 0,
  "connected" : 0,
  "onlineApps" : 0,
  "totalOnlineApps" : 0,
  "onlineHards" : 0,
  "totalOnlineHards" : 0
}
{
  "commands" : {
    "response" : 0,
    "redeem" : 0,
    "hardwareConnected" : 0,
    "register" : 0,
    "login" : 0,
    "loadProfile" : 0,
    "appSync" : 0,
    "sharing" : 0,
    "getToken" : 0,
    "ping" : 0,
    "activate" : 0,
    "deactivate" : 0,
    "refreshToken" : 0,
    "getGraphData" : 0,
    "exportGraphData" : 0,
    "setWidgetProperty" : 0,
    "bridge" : 0,
    "hardware" : 0,
    "getSharedDash" : 0,
    "getShareToken" : 0,
    "refreshShareToken" : 0,
    "shareLogin" : 0,
    "createProject" : 0,
    "updateProject" : 0,
    "deleteProject" : 0,
    "hardwareSync" : 0,
    "internal" : 0,
    "sms" : 0,
    "tweet" : 0,
    "email" : 0,
    "push" : 0,
    "addPushToken" : 0,
    "createWidget" : 0,
    "updateWidget" : 0,
    "deleteWidget" : 0,
    "createDevice" : 0,
    "updateDevice" : 0,
    "deleteDevice" : 0,
    "getDevices" : 0,
    "createTag" : 0,
    "updateTag" : 0,
    "deleteTag" : 0,
    "getTags" : 0,
    "addEnergy" : 0,
    "getEnergy" : 0,
    "getServer" : 0,
    "connectRedirect" : 0,
    "webSockets" : 0,
    "eventor" : 0,
    "webhooks" : 0,
    "appTotal" : 0,
    "mqttTotal" : 0
  },
  "http" : {
    "isHardwareConnected" : 0,
    "isAppConnected" : 0,
    "getPinData" : 0,
    "updatePinData" : 0,
    "email" : 0,
    "notify" : 0,
    "getProject" : 0,
    "qr" : 0,
    "getHistoryPinData" : 0,
    "total" : 0
  },
  "ioStat" : {
    "messagingActiveTasks" : 0,
    "messagingExecutedTasks" : 0,
    "historyActiveTasks" : 0,
    "historyExecutedTasks" : 0,
    "dbActiveTasks" : 0,
    "dbExecutedTasks" : 0,
    "getServerActiveTasks" : 0,
    "getServerExecutedTasks" : 0
  },
  "memoryStat" : {
    "heapBytes" : 0,
    "directBytes" : 0
  },
  "oneMinRate" : 0,
  "registrations" : 1,
  "active" : 0,
  "activeWeek" : 0,
  "activeMonth" : 0,
  "connected" : 0,
  "onlineApps" : 0,
  "totalOnlineApps" : 0,
  "onlineHards" : 0,
  "totalOnlineHards" : 0
}
{
  "commands" : {
    "response" : 0,
    "redeem" : 0,
    "hardwareConnected" : 0,
    "register" : 0,
    "login" : 0,
    "loadProfile" : 0,
    "appSync" : 0,
    "sharing" : 0,
    "getToken" : 0,
    "ping" : 0,
    "activate" : 0,
    "deactivate" : 0,
    "refreshToken" : 0,
    "getGraphData" : 0,
    "exportGraphData" : 0,
    "setWidgetProperty" : 0,
    "bridge" : 0,
    "hardware" : 0,
    "getSharedDash" : 0,
    "getShareToken" : 0,
    "refreshShareToken" : 0,
    "shareLogin" : 0,
    "createProject" : 0,
    "updateProject" : 0,
    "deleteProject" : 0,
    "hardwareSync" : 0,
    "internal" : 0,
    "sms" : 0,
    "tweet" : 0,
    "email" : 0,
    "push" : 0,
    "addPushToken" : 0,
    "createWidget" : 0,
    "updateWidget" : 0,
    "deleteWidget" : 0,
    "createDevice" : 0,
    "updateDevice" : 0,
    "deleteDevice" : 0,
    "getDevices" : 0,
    "createTag" : 0,
    "updateTag" : 0,
    "deleteTag" : 0,
    "getTags" : 0,
    "addEnergy" : 0,
    "getEnergy" : 0,
    "getServer" : 0,
    "connectRedirect" : 0,
    "webSockets" : 0,
    "eventor" : 0,
    "webhooks" : 0,
    "appTotal" : 0,
    "mqttTotal" : 0
  },
  "http" : {
    "isHardwareConnected" : 0,
    "isAppConnected" : 0,
    "getPinData" : 0,
    "updatePinData" : 0,
    "email" : 0,
    "notify" : 0,
    "getProject" : 0,
    "qr" : 0,
    "getHistoryPinData" : 0,
    "total" : 0
  },
  "ioStat" : {
    "messagingActiveTasks" : 0,
    "messagingExecutedTasks" : 0,
    "historyActiveTasks" : 0,
    "historyExecutedTasks" : 0,
    "dbActiveTasks" : 0,
    "dbExecutedTasks" : 0,
    "getServerActiveTasks" : 0,
    "getServerExecutedTasks" : 0
  },
  "memoryStat" : {
    "heapBytes" : 0,
    "directBytes" : 0
  },
  "oneMinRate" : 0,
  "registrations" : 1,
  "active" : 0,
  "activeWeek" : 0,
  "activeMonth" : 0,
  "connected" : 0,
  "onlineApps" : 0,
  "totalOnlineApps" : 0,
  "onlineHards" : 0,
  "totalOnlineHards" : 0
}
